<?xml version="1.0" encoding="UTF-8"?>
<robot generator="Robot 3.2.1 (Python 3.8.5 on darwin)" generated="20200827 15:32:50.548" rpa="false">
<suite id="s1" name="Buick" source="/Users/maksimsundarev/Desktop/Courses/LinkedIn Learning/RobotFramework/scripts/practiceBuick/Tests/Buick.robot">
<test id="s1-t1" name="Colors should successfully change for &quot;Encore&quot; in the 360 view">
<kw name="Begin Web Test" library="Common" type="setup">
<kw name="Open Browser" library="SeleniumLibrary">
<doc>Opens a new browser instance to the optional ``url``.</doc>
<arguments>
<arg>about:blank</arg>
<arg>${BROWSER}</arg>
</arguments>
<msg timestamp="20200827 15:32:50.805" level="INFO">Opening browser 'chrome' to base url 'about:blank'.</msg>
<status status="PASS" starttime="20200827 15:32:50.804" endtime="20200827 15:32:52.778"></status>
</kw>
<kw name="Maximize Browser Window" library="SeleniumLibrary">
<doc>Maximizes current browser window.</doc>
<status status="PASS" starttime="20200827 15:32:52.779" endtime="20200827 15:32:52.899"></status>
</kw>
<status status="PASS" starttime="20200827 15:32:50.804" endtime="20200827 15:32:52.900"></status>
</kw>
<kw name="Go To Main Page" library="BuickApp">
<kw name="Open Main Page" library="Main">
<kw name="Go To" library="SeleniumLibrary">
<doc>Navigates the current browser window to the provided ``url``.</doc>
<arguments>
<arg>${URL}</arg>
</arguments>
<msg timestamp="20200827 15:32:52.901" level="INFO">Opening url 'https://www.buick.ca/en/'</msg>
<status status="PASS" starttime="20200827 15:32:52.901" endtime="20200827 15:32:54.251"></status>
</kw>
<status status="PASS" starttime="20200827 15:32:52.901" endtime="20200827 15:32:54.251"></status>
</kw>
<kw name="Verify Page Loaded" library="Main">
<kw name="Wait Until Page Contains Element" library="SeleniumLibrary">
<doc>Waits until the element ``locator`` appears on the current page.</doc>
<arguments>
<arg>${MAIN_HOME_LINK}</arg>
</arguments>
<status status="PASS" starttime="20200827 15:32:54.252" endtime="20200827 15:32:54.275"></status>
</kw>
<kw name="Sleep" library="BuiltIn">
<doc>Pauses the test executed for the given time.</doc>
<arguments>
<arg>1s</arg>
</arguments>
<msg timestamp="20200827 15:32:55.276" level="INFO">Slept 1 second</msg>
<status status="PASS" starttime="20200827 15:32:54.275" endtime="20200827 15:32:55.276"></status>
</kw>
<kw name="Run Keyword And Return Status" library="BuiltIn">
<doc>Runs the given keyword with given arguments and returns the status as a Boolean value.</doc>
<arguments>
<arg>Wait Until Element Is Visible</arg>
<arg>${MAIN_COOKIES_CLOSE_BUTTON}</arg>
</arguments>
<assign>
<var>${contains_cookies_message}</var>
</assign>
<kw name="Wait Until Element Is Visible" library="SeleniumLibrary">
<doc>Waits until the element ``locator`` is visible.</doc>
<arguments>
<arg>${MAIN_COOKIES_CLOSE_BUTTON}</arg>
</arguments>
<status status="PASS" starttime="20200827 15:32:55.277" endtime="20200827 15:32:55.299"></status>
</kw>
<msg timestamp="20200827 15:32:55.299" level="INFO">${contains_cookies_message} = True</msg>
<status status="PASS" starttime="20200827 15:32:55.276" endtime="20200827 15:32:55.299"></status>
</kw>
<kw name="Run Keyword If" library="BuiltIn">
<doc>Runs the given keyword with the given arguments, if ``condition`` is true.</doc>
<arguments>
<arg>${contains_cookies_message}</arg>
<arg>Main.Close Cookies Message</arg>
</arguments>
<kw name="Close Cookies Message" library="Main">
<kw name="Mouse Over" library="SeleniumLibrary">
<doc>Simulates hovering the mouse over the element ``locator``.</doc>
<arguments>
<arg>${MAIN_COOKIES_CLOSE_BUTTON}</arg>
</arguments>
<msg timestamp="20200827 15:32:55.300" level="INFO">Simulating Mouse Over on element 'xpath=/html/body/div[18]/div[2]/div/div/div/div[3]'.</msg>
<status status="PASS" starttime="20200827 15:32:55.300" endtime="20200827 15:32:55.575"></status>
</kw>
<kw name="Sleep" library="BuiltIn">
<doc>Pauses the test executed for the given time.</doc>
<arguments>
<arg>0.5s</arg>
</arguments>
<msg timestamp="20200827 15:32:56.076" level="INFO">Slept 500 milliseconds</msg>
<status status="PASS" starttime="20200827 15:32:55.575" endtime="20200827 15:32:56.076"></status>
</kw>
<kw name="Click Element" library="SeleniumLibrary">
<doc>Click the element identified by ``locator``.</doc>
<arguments>
<arg>${MAIN_COOKIES_CLOSE_BUTTON}</arg>
</arguments>
<msg timestamp="20200827 15:32:56.076" level="INFO">Clicking element 'xpath=/html/body/div[18]/div[2]/div/div/div/div[3]'.</msg>
<status status="PASS" starttime="20200827 15:32:56.076" endtime="20200827 15:32:56.129"></status>
</kw>
<status status="PASS" starttime="20200827 15:32:55.299" endtime="20200827 15:32:56.130"></status>
</kw>
<status status="PASS" starttime="20200827 15:32:55.299" endtime="20200827 15:32:56.130"></status>
</kw>
<status status="PASS" starttime="20200827 15:32:54.251" endtime="20200827 15:32:56.130"></status>
</kw>
<status status="PASS" starttime="20200827 15:32:52.900" endtime="20200827 15:32:56.130"></status>
</kw>
<kw name="Go To &quot;Encore&quot; Page" library="BuickApp">
<kw name="Click &quot;Vehicles&quot; Dropdown" library="Main">
<kw name="Click Element" library="SeleniumLibrary">
<doc>Click the element identified by ``locator``.</doc>
<arguments>
<arg>${VEHICLES_DROPDOWN}</arg>
</arguments>
<msg timestamp="20200827 15:32:56.131" level="INFO">Clicking element 'xpath=/html/body/div[2]/div[2]/nav/section/div/ul[1]/li[1]/a'.</msg>
<status status="PASS" starttime="20200827 15:32:56.131" endtime="20200827 15:32:56.217"></status>
</kw>
<kw name="Wait Until Element Is Visible" library="SeleniumLibrary">
<doc>Waits until the element ``locator`` is visible.</doc>
<arguments>
<arg>${ENCLAVE_LINK}</arg>
</arguments>
<status status="PASS" starttime="20200827 15:32:56.217" endtime="20200827 15:32:56.915"></status>
</kw>
<status status="PASS" starttime="20200827 15:32:56.130" endtime="20200827 15:32:56.915"></status>
</kw>
<kw name="Go To &quot;Encore&quot; Page" library="Main">
<kw name="Click Element" library="SeleniumLibrary">
<doc>Click the element identified by ``locator``.</doc>
<arguments>
<arg>${ENCORE_LINK}</arg>
</arguments>
<msg timestamp="20200827 15:32:56.916" level="INFO">Clicking element 'xpath=/html/body/div[2]/div[3]/div/div/div[2]/div/div/div/div[2]/div[1]'.</msg>
<status status="PASS" starttime="20200827 15:32:56.916" endtime="20200827 15:32:58.416"></status>
</kw>
<status status="PASS" starttime="20200827 15:32:56.915" endtime="20200827 15:32:58.416"></status>
</kw>
<kw name="Verify Page Loaded" library="Encore">
<kw name="Wait Until Page Contains Element" library="SeleniumLibrary">
<doc>Waits until the element ``locator`` appears on the current page.</doc>
<arguments>
<arg>${ENCORE_MAIN_HEADER}</arg>
</arguments>
<status status="PASS" starttime="20200827 15:32:58.417" endtime="20200827 15:32:58.426"></status>
</kw>
<kw name="Wait Until Element Is Visible" library="SeleniumLibrary">
<doc>Waits until the element ``locator`` is visible.</doc>
<arguments>
<arg>${ENCORE_MAIN_HEADER}</arg>
</arguments>
<status status="PASS" starttime="20200827 15:32:58.426" endtime="20200827 15:32:58.440"></status>
</kw>
<kw name="Get Text" library="SeleniumLibrary">
<doc>Returns the text value of the element identified by ``locator``.</doc>
<arguments>
<arg>${ENCORE_MAIN_HEADER}</arg>
</arguments>
<assign>
<var>${current_header_text}</var>
</assign>
<msg timestamp="20200827 15:32:58.455" level="INFO">${current_header_text} = 2020 ENCORE</msg>
<status status="PASS" starttime="20200827 15:32:58.440" endtime="20200827 15:32:58.455"></status>
</kw>
<kw name="Should Be Equal As Strings" library="BuiltIn">
<doc>Fails if objects are unequal after converting them to strings.</doc>
<arguments>
<arg>${current_header_text.strip()}</arg>
<arg>${ENCORE_HEADER_TEXT.strip()}</arg>
<arg>ignore_case=true</arg>
</arguments>
<status status="PASS" starttime="20200827 15:32:58.455" endtime="20200827 15:32:58.456"></status>
</kw>
<kw name="Sleep" library="BuiltIn">
<doc>Pauses the test executed for the given time.</doc>
<arguments>
<arg>1s</arg>
</arguments>
<msg timestamp="20200827 15:32:59.457" level="INFO">Slept 1 second</msg>
<status status="PASS" starttime="20200827 15:32:58.456" endtime="20200827 15:32:59.457"></status>
</kw>
<kw name="Run Keyword And Return Status" library="BuiltIn">
<doc>Runs the given keyword with given arguments and returns the status as a Boolean value.</doc>
<arguments>
<arg>Wait Until Element Is Visible</arg>
<arg>${ENCORE_COOKIES_CLOSE_BUTTON}</arg>
</arguments>
<assign>
<var>${contains_cookies_message}</var>
</assign>
<kw name="Wait Until Element Is Visible" library="SeleniumLibrary">
<doc>Waits until the element ``locator`` is visible.</doc>
<arguments>
<arg>${ENCORE_COOKIES_CLOSE_BUTTON}</arg>
</arguments>
<kw name="Capture Page Screenshot" library="SeleniumLibrary">
<doc>Takes a screenshot of the current page and embeds it into a log file.</doc>
<msg timestamp="20200827 15:33:06.461" level="INFO" html="yes">&lt;/td&gt;&lt;/tr&gt;&lt;tr&gt;&lt;td colspan="3"&gt;&lt;a href="selenium-screenshot-5.png"&gt;&lt;img src="selenium-screenshot-5.png" width="800px"&gt;&lt;/a&gt;</msg>
<status status="PASS" starttime="20200827 15:33:04.468" endtime="20200827 15:33:06.461"></status>
</kw>
<msg timestamp="20200827 15:33:06.466" level="FAIL">Element 'xpath=/html/body/div[31]/div[2]/div/div/div/div[3]' not visible after 5 seconds.</msg>
<status status="FAIL" starttime="20200827 15:32:59.458" endtime="20200827 15:33:06.466"></status>
</kw>
<msg timestamp="20200827 15:33:06.466" level="INFO">${contains_cookies_message} = False</msg>
<status status="PASS" starttime="20200827 15:32:59.458" endtime="20200827 15:33:06.466"></status>
</kw>
<kw name="Run Keyword If" library="BuiltIn">
<doc>Runs the given keyword with the given arguments, if ``condition`` is true.</doc>
<arguments>
<arg>${contains_cookies_message}</arg>
<arg>Encore.Close Cookies Message</arg>
</arguments>
<status status="PASS" starttime="20200827 15:33:06.466" endtime="20200827 15:33:06.466"></status>
</kw>
<status status="PASS" starttime="20200827 15:32:58.417" endtime="20200827 15:33:06.466"></status>
</kw>
<status status="PASS" starttime="20200827 15:32:56.130" endtime="20200827 15:33:06.466"></status>
</kw>
<kw name="Switch &quot;Encore&quot; Colors And Ensure Changes" library="BuickApp">
<kw name="Verify Colours Loaded" library="Encore">
<kw name="Page Should Contain Element" library="SeleniumLibrary">
<doc>Verifies that element ``locator`` is found on the current page.</doc>
<arguments>
<arg>${ENCORE_VIDEO_COLORS_IFRAME}</arg>
</arguments>
<msg timestamp="20200827 15:33:06.476" level="INFO">Current page contains element 'xpath=/html/body/div[9]/div/div[3]/div/iframe'.</msg>
<status status="PASS" starttime="20200827 15:33:06.467" endtime="20200827 15:33:06.476"></status>
</kw>
<kw name="Wait Until Element Is Visible" library="SeleniumLibrary">
<doc>Waits until the element ``locator`` is visible.</doc>
<arguments>
<arg>${ENCORE_VIDEO_COLORS_IFRAME}</arg>
<arg>timeout=5s</arg>
</arguments>
<status status="PASS" starttime="20200827 15:33:06.476" endtime="20200827 15:33:06.491"></status>
</kw>
<kw name="Set Focus To Element" library="SeleniumLibrary">
<doc>Sets the focus to the element identified by ``locator``.</doc>
<arguments>
<arg>${ENCORE_VIDEO_COLORS_IFRAME}</arg>
</arguments>
<status status="PASS" starttime="20200827 15:33:06.491" endtime="20200827 15:33:06.502"></status>
</kw>
<kw name="Select Frame" library="SeleniumLibrary">
<doc>Sets frame identified by ``locator`` as the current frame.</doc>
<arguments>
<arg>${ENCORE_VIDEO_COLORS_IFRAME}</arg>
</arguments>
<msg timestamp="20200827 15:33:06.503" level="INFO">Selecting frame 'xpath=/html/body/div[9]/div/div[3]/div/iframe'.</msg>
<status status="PASS" starttime="20200827 15:33:06.503" endtime="20200827 15:33:06.526"></status>
</kw>
<status status="PASS" starttime="20200827 15:33:06.467" endtime="20200827 15:33:06.526"></status>
</kw>
<kw name="Check First Color" library="Encore">
<kw name="Verify Color Selected" library="Encore">
<arguments>
<arg>${ENCORE_FIRST_COLOR_SELECTOR}</arg>
</arguments>
<kw name="Get Element Attribute" library="SeleniumLibrary">
<doc>Returns the value of ``attribute`` from the element ``locator``.</doc>
<arguments>
<arg>${selected_color}</arg>
<arg>class</arg>
</arguments>
<assign>
<var>${active_class}</var>
</assign>
<msg timestamp="20200827 15:33:06.540" level="INFO">${active_class} = js-colorizer-item colorizer--circle active stat-button-link</msg>
<status status="PASS" starttime="20200827 15:33:06.527" endtime="20200827 15:33:06.540"></status>
</kw>
<kw name="Should Contain" library="BuiltIn">
<doc>Fails if ``container`` does not contain ``item`` one or more times.</doc>
<arguments>
<arg>${active_class}</arg>
<arg>active</arg>
<arg>ignore_case=true</arg>
</arguments>
<status status="PASS" starttime="20200827 15:33:06.540" endtime="20200827 15:33:06.541"></status>
</kw>
<status status="PASS" starttime="20200827 15:33:06.527" endtime="20200827 15:33:06.541"></status>
</kw>
<kw name="Verify Color Loaded" library="Encore">
<arguments>
<arg>${ENCORE_FIRST_COLOR_VIDEO_SRC}</arg>
</arguments>
<kw name="Get Element Attribute" library="SeleniumLibrary">
<doc>Returns the value of ``attribute`` from the element ``locator``.</doc>
<arguments>
<arg>${ENCORE_VIDEO_DIV_SELECTOR}</arg>
<arg>src</arg>
</arguments>
<assign>
<var>${current_color_video}</var>
</assign>
<msg timestamp="20200827 15:33:06.553" level="INFO">${current_color_video} = https://video2.marketing.gm.com/media/v1/pmp4/static/clear/1274068600/d6dad574-d910-463b-8e3c-bcc8457b07b7/0d32a5d2-34aa-42da-949e-7884f69e329c/main.mp4</msg>
<status status="PASS" starttime="20200827 15:33:06.541" endtime="20200827 15:33:06.553"></status>
</kw>
<kw name="Should Be Equal As Strings" library="BuiltIn">
<doc>Fails if objects are unequal after converting them to strings.</doc>
<arguments>
<arg>${current_color_video}</arg>
<arg>${color_video}</arg>
<arg>ignore_case=true</arg>
</arguments>
<status status="PASS" starttime="20200827 15:33:06.553" endtime="20200827 15:33:06.554"></status>
</kw>
<status status="PASS" starttime="20200827 15:33:06.541" endtime="20200827 15:33:06.554"></status>
</kw>
<status status="PASS" starttime="20200827 15:33:06.526" endtime="20200827 15:33:06.554"></status>
</kw>
<kw name="Check Second Color" library="Encore">
<kw name="Switch To Color" library="Encore">
<arguments>
<arg>${ENCORE_SECOND_COLOR_SELECTOR}</arg>
</arguments>
<kw name="Sleep" library="BuiltIn">
<doc>Pauses the test executed for the given time.</doc>
<arguments>
<arg>2s</arg>
</arguments>
<msg timestamp="20200827 15:33:08.557" level="INFO">Slept 2 seconds</msg>
<status status="PASS" starttime="20200827 15:33:06.555" endtime="20200827 15:33:08.557"></status>
</kw>
<kw name="Click Element" library="SeleniumLibrary">
<doc>Click the element identified by ``locator``.</doc>
<arguments>
<arg>${color_to_switch}</arg>
</arguments>
<msg timestamp="20200827 15:33:08.558" level="INFO">Clicking element 'xpath=/html/body/row/column/row[1]/column/div[2]/div[2]'.</msg>
<status status="PASS" starttime="20200827 15:33:08.558" endtime="20200827 15:33:08.652"></status>
</kw>
<status status="PASS" starttime="20200827 15:33:06.554" endtime="20200827 15:33:08.652"></status>
</kw>
<kw name="Verify Color Selected" library="Encore">
<arguments>
<arg>${ENCORE_SECOND_COLOR_SELECTOR}</arg>
</arguments>
<kw name="Get Element Attribute" library="SeleniumLibrary">
<doc>Returns the value of ``attribute`` from the element ``locator``.</doc>
<arguments>
<arg>${selected_color}</arg>
<arg>class</arg>
</arguments>
<assign>
<var>${active_class}</var>
</assign>
<msg timestamp="20200827 15:33:08.665" level="INFO">${active_class} = js-colorizer-item colorizer--circle stat-button-link active</msg>
<status status="PASS" starttime="20200827 15:33:08.653" endtime="20200827 15:33:08.665"></status>
</kw>
<kw name="Should Contain" library="BuiltIn">
<doc>Fails if ``container`` does not contain ``item`` one or more times.</doc>
<arguments>
<arg>${active_class}</arg>
<arg>active</arg>
<arg>ignore_case=true</arg>
</arguments>
<status status="PASS" starttime="20200827 15:33:08.665" endtime="20200827 15:33:08.665"></status>
</kw>
<status status="PASS" starttime="20200827 15:33:08.652" endtime="20200827 15:33:08.666"></status>
</kw>
<kw name="Verify Color Loaded" library="Encore">
<arguments>
<arg>${ENCORE_SECOND_COLOR_VIDEO_SRC}</arg>
</arguments>
<kw name="Get Element Attribute" library="SeleniumLibrary">
<doc>Returns the value of ``attribute`` from the element ``locator``.</doc>
<arguments>
<arg>${ENCORE_VIDEO_DIV_SELECTOR}</arg>
<arg>src</arg>
</arguments>
<assign>
<var>${current_color_video}</var>
</assign>
<msg timestamp="20200827 15:33:08.679" level="INFO">${current_color_video} = https://video2.marketing.gm.com/media/v1/pmp4/static/clear/1274068600/edf48c1f-ed42-4c67-af09-7b546b0925ef/14a4ff7d-680f-478c-bc7d-4123270267db/main.mp4</msg>
<status status="PASS" starttime="20200827 15:33:08.666" endtime="20200827 15:33:08.679"></status>
</kw>
<kw name="Should Be Equal As Strings" library="BuiltIn">
<doc>Fails if objects are unequal after converting them to strings.</doc>
<arguments>
<arg>${current_color_video}</arg>
<arg>${color_video}</arg>
<arg>ignore_case=true</arg>
</arguments>
<status status="PASS" starttime="20200827 15:33:08.679" endtime="20200827 15:33:08.679"></status>
</kw>
<status status="PASS" starttime="20200827 15:33:08.666" endtime="20200827 15:33:08.679"></status>
</kw>
<status status="PASS" starttime="20200827 15:33:06.554" endtime="20200827 15:33:08.679"></status>
</kw>
<kw name="Check Third Color" library="Encore">
<kw name="Switch To Color" library="Encore">
<arguments>
<arg>${ENCORE_THIRD_COLOR_SELECTOR}</arg>
</arguments>
<kw name="Sleep" library="BuiltIn">
<doc>Pauses the test executed for the given time.</doc>
<arguments>
<arg>2s</arg>
</arguments>
<msg timestamp="20200827 15:33:10.682" level="INFO">Slept 2 seconds</msg>
<status status="PASS" starttime="20200827 15:33:08.680" endtime="20200827 15:33:10.682"></status>
</kw>
<kw name="Click Element" library="SeleniumLibrary">
<doc>Click the element identified by ``locator``.</doc>
<arguments>
<arg>${color_to_switch}</arg>
</arguments>
<msg timestamp="20200827 15:33:10.683" level="INFO">Clicking element 'xpath=/html/body/row/column/row[1]/column/div[2]/div[3]'.</msg>
<status status="PASS" starttime="20200827 15:33:10.682" endtime="20200827 15:33:10.749"></status>
</kw>
<status status="PASS" starttime="20200827 15:33:08.680" endtime="20200827 15:33:10.750"></status>
</kw>
<kw name="Verify Color Selected" library="Encore">
<arguments>
<arg>${ENCORE_THIRD_COLOR_SELECTOR}</arg>
</arguments>
<kw name="Get Element Attribute" library="SeleniumLibrary">
<doc>Returns the value of ``attribute`` from the element ``locator``.</doc>
<arguments>
<arg>${selected_color}</arg>
<arg>class</arg>
</arguments>
<assign>
<var>${active_class}</var>
</assign>
<msg timestamp="20200827 15:33:10.764" level="INFO">${active_class} = js-colorizer-item colorizer--circle stat-button-link active</msg>
<status status="PASS" starttime="20200827 15:33:10.750" endtime="20200827 15:33:10.764"></status>
</kw>
<kw name="Should Contain" library="BuiltIn">
<doc>Fails if ``container`` does not contain ``item`` one or more times.</doc>
<arguments>
<arg>${active_class}</arg>
<arg>active</arg>
<arg>ignore_case=true</arg>
</arguments>
<status status="PASS" starttime="20200827 15:33:10.764" endtime="20200827 15:33:10.764"></status>
</kw>
<status status="PASS" starttime="20200827 15:33:10.750" endtime="20200827 15:33:10.764"></status>
</kw>
<kw name="Verify Color Loaded" library="Encore">
<arguments>
<arg>${ENCORE_THIRD_COLOR_VIDEO_SRC}</arg>
</arguments>
<kw name="Get Element Attribute" library="SeleniumLibrary">
<doc>Returns the value of ``attribute`` from the element ``locator``.</doc>
<arguments>
<arg>${ENCORE_VIDEO_DIV_SELECTOR}</arg>
<arg>src</arg>
</arguments>
<assign>
<var>${current_color_video}</var>
</assign>
<msg timestamp="20200827 15:33:10.776" level="INFO">${current_color_video} = https://video2.marketing.gm.com/media/v1/pmp4/static/clear/1274068600/b49c1c2a-e2fa-412b-8fd6-ae63751a123c/845d60e6-dbaa-48e0-afae-c65b7ec910e1/main.mp4</msg>
<status status="PASS" starttime="20200827 15:33:10.765" endtime="20200827 15:33:10.776"></status>
</kw>
<kw name="Should Be Equal As Strings" library="BuiltIn">
<doc>Fails if objects are unequal after converting them to strings.</doc>
<arguments>
<arg>${current_color_video}</arg>
<arg>${color_video}</arg>
<arg>ignore_case=true</arg>
</arguments>
<status status="PASS" starttime="20200827 15:33:10.776" endtime="20200827 15:33:10.776"></status>
</kw>
<status status="PASS" starttime="20200827 15:33:10.764" endtime="20200827 15:33:10.776"></status>
</kw>
<status status="PASS" starttime="20200827 15:33:08.679" endtime="20200827 15:33:10.776"></status>
</kw>
<kw name="Check Fourth Color" library="Encore">
<kw name="Switch To Color" library="Encore">
<arguments>
<arg>${ENCORE_FORTH_COLOR_SELECTOR}</arg>
</arguments>
<kw name="Sleep" library="BuiltIn">
<doc>Pauses the test executed for the given time.</doc>
<arguments>
<arg>2s</arg>
</arguments>
<msg timestamp="20200827 15:33:12.778" level="INFO">Slept 2 seconds</msg>
<status status="PASS" starttime="20200827 15:33:10.777" endtime="20200827 15:33:12.778"></status>
</kw>
<kw name="Click Element" library="SeleniumLibrary">
<doc>Click the element identified by ``locator``.</doc>
<arguments>
<arg>${color_to_switch}</arg>
</arguments>
<msg timestamp="20200827 15:33:12.778" level="INFO">Clicking element 'xpath=/html/body/row/column/row[1]/column/div[2]/div[4]'.</msg>
<status status="PASS" starttime="20200827 15:33:12.778" endtime="20200827 15:33:12.842"></status>
</kw>
<status status="PASS" starttime="20200827 15:33:10.777" endtime="20200827 15:33:12.842"></status>
</kw>
<kw name="Verify Color Selected" library="Encore">
<arguments>
<arg>${ENCORE_FORTH_COLOR_SELECTOR}</arg>
</arguments>
<kw name="Get Element Attribute" library="SeleniumLibrary">
<doc>Returns the value of ``attribute`` from the element ``locator``.</doc>
<arguments>
<arg>${selected_color}</arg>
<arg>class</arg>
</arguments>
<assign>
<var>${active_class}</var>
</assign>
<msg timestamp="20200827 15:33:12.855" level="INFO">${active_class} = js-colorizer-item colorizer--circle stat-button-link active</msg>
<status status="PASS" starttime="20200827 15:33:12.843" endtime="20200827 15:33:12.855"></status>
</kw>
<kw name="Should Contain" library="BuiltIn">
<doc>Fails if ``container`` does not contain ``item`` one or more times.</doc>
<arguments>
<arg>${active_class}</arg>
<arg>active</arg>
<arg>ignore_case=true</arg>
</arguments>
<status status="PASS" starttime="20200827 15:33:12.855" endtime="20200827 15:33:12.856"></status>
</kw>
<status status="PASS" starttime="20200827 15:33:12.842" endtime="20200827 15:33:12.856"></status>
</kw>
<kw name="Verify Color Loaded" library="Encore">
<arguments>
<arg>${ENCORE_FORTH_COLOR_VIDEO_SRC}</arg>
</arguments>
<kw name="Get Element Attribute" library="SeleniumLibrary">
<doc>Returns the value of ``attribute`` from the element ``locator``.</doc>
<arguments>
<arg>${ENCORE_VIDEO_DIV_SELECTOR}</arg>
<arg>src</arg>
</arguments>
<assign>
<var>${current_color_video}</var>
</assign>
<msg timestamp="20200827 15:33:12.867" level="INFO">${current_color_video} = https://video2.marketing.gm.com/media/v1/pmp4/static/clear/1274068600/78f0170a-8371-43c8-a491-5add3dd572c0/52999588-a4a6-45ea-ad7d-9163a6c03010/main.mp4</msg>
<status status="PASS" starttime="20200827 15:33:12.856" endtime="20200827 15:33:12.867"></status>
</kw>
<kw name="Should Be Equal As Strings" library="BuiltIn">
<doc>Fails if objects are unequal after converting them to strings.</doc>
<arguments>
<arg>${current_color_video}</arg>
<arg>${color_video}</arg>
<arg>ignore_case=true</arg>
</arguments>
<status status="PASS" starttime="20200827 15:33:12.867" endtime="20200827 15:33:12.868"></status>
</kw>
<status status="PASS" starttime="20200827 15:33:12.856" endtime="20200827 15:33:12.868"></status>
</kw>
<status status="PASS" starttime="20200827 15:33:10.777" endtime="20200827 15:33:12.868"></status>
</kw>
<status status="PASS" starttime="20200827 15:33:06.466" endtime="20200827 15:33:12.868"></status>
</kw>
<kw name="End Web Test" library="Common" type="teardown">
<kw name="Close Browser" library="SeleniumLibrary">
<doc>Closes the current browser.</doc>
<status status="PASS" starttime="20200827 15:33:12.869" endtime="20200827 15:33:12.973"></status>
</kw>
<status status="PASS" starttime="20200827 15:33:12.869" endtime="20200827 15:33:12.973"></status>
</kw>
<doc>Colors successfully changed and appropriate video file is loaded in 360 view</doc>
<tags>
<tag>Colors</tag>
<tag>Medium Severity</tag>
</tags>
<status status="PASS" starttime="20200827 15:32:50.803" endtime="20200827 15:33:12.973" critical="yes"></status>
</test>
<test id="s1-t2" name="Colors should successfully change for &quot;Encore GX&quot; in the 360 view">
<kw name="Begin Web Test" library="Common" type="setup">
<kw name="Open Browser" library="SeleniumLibrary">
<doc>Opens a new browser instance to the optional ``url``.</doc>
<arguments>
<arg>about:blank</arg>
<arg>${BROWSER}</arg>
</arguments>
<msg timestamp="20200827 15:33:12.975" level="INFO">Opening browser 'chrome' to base url 'about:blank'.</msg>
<status status="PASS" starttime="20200827 15:33:12.975" endtime="20200827 15:33:14.924"></status>
</kw>
<kw name="Maximize Browser Window" library="SeleniumLibrary">
<doc>Maximizes current browser window.</doc>
<status status="PASS" starttime="20200827 15:33:14.924" endtime="20200827 15:33:15.048"></status>
</kw>
<status status="PASS" starttime="20200827 15:33:12.974" endtime="20200827 15:33:15.048"></status>
</kw>
<kw name="Go To Main Page" library="BuickApp">
<kw name="Open Main Page" library="Main">
<kw name="Go To" library="SeleniumLibrary">
<doc>Navigates the current browser window to the provided ``url``.</doc>
<arguments>
<arg>${URL}</arg>
</arguments>
<msg timestamp="20200827 15:33:15.049" level="INFO">Opening url 'https://www.buick.ca/en/'</msg>
<status status="PASS" starttime="20200827 15:33:15.049" endtime="20200827 15:33:17.918"></status>
</kw>
<status status="PASS" starttime="20200827 15:33:15.049" endtime="20200827 15:33:17.918"></status>
</kw>
<kw name="Verify Page Loaded" library="Main">
<kw name="Wait Until Page Contains Element" library="SeleniumLibrary">
<doc>Waits until the element ``locator`` appears on the current page.</doc>
<arguments>
<arg>${MAIN_HOME_LINK}</arg>
</arguments>
<status status="PASS" starttime="20200827 15:33:17.919" endtime="20200827 15:33:17.931"></status>
</kw>
<kw name="Sleep" library="BuiltIn">
<doc>Pauses the test executed for the given time.</doc>
<arguments>
<arg>1s</arg>
</arguments>
<msg timestamp="20200827 15:33:18.931" level="INFO">Slept 1 second</msg>
<status status="PASS" starttime="20200827 15:33:17.931" endtime="20200827 15:33:18.932"></status>
</kw>
<kw name="Run Keyword And Return Status" library="BuiltIn">
<doc>Runs the given keyword with given arguments and returns the status as a Boolean value.</doc>
<arguments>
<arg>Wait Until Element Is Visible</arg>
<arg>${MAIN_COOKIES_CLOSE_BUTTON}</arg>
</arguments>
<assign>
<var>${contains_cookies_message}</var>
</assign>
<kw name="Wait Until Element Is Visible" library="SeleniumLibrary">
<doc>Waits until the element ``locator`` is visible.</doc>
<arguments>
<arg>${MAIN_COOKIES_CLOSE_BUTTON}</arg>
</arguments>
<status status="PASS" starttime="20200827 15:33:18.932" endtime="20200827 15:33:20.561"></status>
</kw>
<msg timestamp="20200827 15:33:20.561" level="INFO">${contains_cookies_message} = True</msg>
<status status="PASS" starttime="20200827 15:33:18.932" endtime="20200827 15:33:20.561"></status>
</kw>
<kw name="Run Keyword If" library="BuiltIn">
<doc>Runs the given keyword with the given arguments, if ``condition`` is true.</doc>
<arguments>
<arg>${contains_cookies_message}</arg>
<arg>Main.Close Cookies Message</arg>
</arguments>
<kw name="Close Cookies Message" library="Main">
<kw name="Mouse Over" library="SeleniumLibrary">
<doc>Simulates hovering the mouse over the element ``locator``.</doc>
<arguments>
<arg>${MAIN_COOKIES_CLOSE_BUTTON}</arg>
</arguments>
<msg timestamp="20200827 15:33:20.562" level="INFO">Simulating Mouse Over on element 'xpath=/html/body/div[18]/div[2]/div/div/div/div[3]'.</msg>
<status status="PASS" starttime="20200827 15:33:20.562" endtime="20200827 15:33:20.844"></status>
</kw>
<kw name="Sleep" library="BuiltIn">
<doc>Pauses the test executed for the given time.</doc>
<arguments>
<arg>0.5s</arg>
</arguments>
<msg timestamp="20200827 15:33:21.344" level="INFO">Slept 500 milliseconds</msg>
<status status="PASS" starttime="20200827 15:33:20.844" endtime="20200827 15:33:21.344"></status>
</kw>
<kw name="Click Element" library="SeleniumLibrary">
<doc>Click the element identified by ``locator``.</doc>
<arguments>
<arg>${MAIN_COOKIES_CLOSE_BUTTON}</arg>
</arguments>
<msg timestamp="20200827 15:33:21.345" level="INFO">Clicking element 'xpath=/html/body/div[18]/div[2]/div/div/div/div[3]'.</msg>
<status status="PASS" starttime="20200827 15:33:21.344" endtime="20200827 15:33:21.383"></status>
</kw>
<status status="PASS" starttime="20200827 15:33:20.562" endtime="20200827 15:33:21.383"></status>
</kw>
<status status="PASS" starttime="20200827 15:33:20.562" endtime="20200827 15:33:21.383"></status>
</kw>
<status status="PASS" starttime="20200827 15:33:17.918" endtime="20200827 15:33:21.383"></status>
</kw>
<status status="PASS" starttime="20200827 15:33:15.049" endtime="20200827 15:33:21.383"></status>
</kw>
<kw name="Go To &quot;Encore GX&quot; Page" library="BuickApp">
<kw name="Click &quot;Vehicles&quot; Dropdown" library="Main">
<kw name="Click Element" library="SeleniumLibrary">
<doc>Click the element identified by ``locator``.</doc>
<arguments>
<arg>${VEHICLES_DROPDOWN}</arg>
</arguments>
<msg timestamp="20200827 15:33:21.385" level="INFO">Clicking element 'xpath=/html/body/div[2]/div[2]/nav/section/div/ul[1]/li[1]/a'.</msg>
<status status="PASS" starttime="20200827 15:33:21.385" endtime="20200827 15:33:21.483"></status>
</kw>
<kw name="Wait Until Element Is Visible" library="SeleniumLibrary">
<doc>Waits until the element ``locator`` is visible.</doc>
<arguments>
<arg>${ENCLAVE_LINK}</arg>
</arguments>
<status status="PASS" starttime="20200827 15:33:21.484" endtime="20200827 15:33:22.417"></status>
</kw>
<status status="PASS" starttime="20200827 15:33:21.384" endtime="20200827 15:33:22.417"></status>
</kw>
<kw name="Go To &quot;Encore GX&quot; Page" library="Main">
<kw name="Click Element" library="SeleniumLibrary">
<doc>Click the element identified by ``locator``.</doc>
<arguments>
<arg>${ENCOREGX_LINK}</arg>
</arguments>
<msg timestamp="20200827 15:33:22.418" level="INFO">Clicking element 'xpath=/html/body/div[2]/div[3]/div/div/div[2]/div/div/div/div[2]/div[2]'.</msg>
<status status="PASS" starttime="20200827 15:33:22.418" endtime="20200827 15:33:22.562"></status>
</kw>
<status status="PASS" starttime="20200827 15:33:22.418" endtime="20200827 15:33:22.562"></status>
</kw>
<kw name="Verify Page Loaded" library="EncoreGX">
<kw name="Wait Until Page Contains Element" library="SeleniumLibrary">
<doc>Waits until the element ``locator`` appears on the current page.</doc>
<arguments>
<arg>${ENCOREGX_MAIN_HEADER}</arg>
</arguments>
<status status="PASS" starttime="20200827 15:33:22.563" endtime="20200827 15:33:22.661"></status>
</kw>
<kw name="Wait Until Element Is Visible" library="SeleniumLibrary">
<doc>Waits until the element ``locator`` is visible.</doc>
<arguments>
<arg>${ENCOREGX_MAIN_HEADER}</arg>
</arguments>
<status status="PASS" starttime="20200827 15:33:22.661" endtime="20200827 15:33:22.959"></status>
</kw>
<kw name="Get Text" library="SeleniumLibrary">
<doc>Returns the text value of the element identified by ``locator``.</doc>
<arguments>
<arg>${ENCOREGX_MAIN_HEADER}</arg>
</arguments>
<assign>
<var>${current_header_text}</var>
</assign>
<msg timestamp="20200827 15:33:23.085" level="INFO">${current_header_text} = 2020 ENCORE GX</msg>
<status status="PASS" starttime="20200827 15:33:22.959" endtime="20200827 15:33:23.085"></status>
</kw>
<kw name="Should Be Equal As Strings" library="BuiltIn">
<doc>Fails if objects are unequal after converting them to strings.</doc>
<arguments>
<arg>${current_header_text.strip()}</arg>
<arg>${ENCOREGX_HEADER_TEXT.strip()}</arg>
<arg>ignore_case=true</arg>
</arguments>
<status status="PASS" starttime="20200827 15:33:23.085" endtime="20200827 15:33:23.086"></status>
</kw>
<kw name="Sleep" library="BuiltIn">
<doc>Pauses the test executed for the given time.</doc>
<arguments>
<arg>1s</arg>
</arguments>
<msg timestamp="20200827 15:33:24.086" level="INFO">Slept 1 second</msg>
<status status="PASS" starttime="20200827 15:33:23.086" endtime="20200827 15:33:24.087"></status>
</kw>
<kw name="Run Keyword And Return Status" library="BuiltIn">
<doc>Runs the given keyword with given arguments and returns the status as a Boolean value.</doc>
<arguments>
<arg>Wait Until Element Is Visible</arg>
<arg>${ENCOREGX_COOKIES_CLOSE_BUTTON}</arg>
</arguments>
<assign>
<var>${contains_cookies_message}</var>
</assign>
<kw name="Wait Until Element Is Visible" library="SeleniumLibrary">
<doc>Waits until the element ``locator`` is visible.</doc>
<arguments>
<arg>${ENCOREGX_COOKIES_CLOSE_BUTTON}</arg>
</arguments>
<kw name="Capture Page Screenshot" library="SeleniumLibrary">
<doc>Takes a screenshot of the current page and embeds it into a log file.</doc>
<msg timestamp="20200827 15:33:30.835" level="INFO" html="yes">&lt;/td&gt;&lt;/tr&gt;&lt;tr&gt;&lt;td colspan="3"&gt;&lt;a href="selenium-screenshot-6.png"&gt;&lt;img src="selenium-screenshot-6.png" width="800px"&gt;&lt;/a&gt;</msg>
<status status="PASS" starttime="20200827 15:33:29.097" endtime="20200827 15:33:30.835"></status>
</kw>
<msg timestamp="20200827 15:33:30.835" level="FAIL">Element 'xpath=/html/body/div[31]/div[2]/div/div/div/div[3]' not visible after 5 seconds.</msg>
<status status="FAIL" starttime="20200827 15:33:24.087" endtime="20200827 15:33:30.835"></status>
</kw>
<msg timestamp="20200827 15:33:30.835" level="INFO">${contains_cookies_message} = False</msg>
<status status="PASS" starttime="20200827 15:33:24.087" endtime="20200827 15:33:30.835"></status>
</kw>
<kw name="Run Keyword If" library="BuiltIn">
<doc>Runs the given keyword with the given arguments, if ``condition`` is true.</doc>
<arguments>
<arg>${contains_cookies_message}</arg>
<arg>EncoreGX.Close Cookies Message</arg>
</arguments>
<status status="PASS" starttime="20200827 15:33:30.835" endtime="20200827 15:33:30.836"></status>
</kw>
<status status="PASS" starttime="20200827 15:33:22.563" endtime="20200827 15:33:30.836"></status>
</kw>
<status status="PASS" starttime="20200827 15:33:21.384" endtime="20200827 15:33:30.836"></status>
</kw>
<kw name="Switch &quot;Encore GX&quot; Colors And Ensure Changes" library="BuickApp">
<kw name="Verify Colours Loaded" library="EncoreGX">
<kw name="Page Should Contain Element" library="SeleniumLibrary">
<doc>Verifies that element ``locator`` is found on the current page.</doc>
<arguments>
<arg>${ENCOREGX_VIDEO_COLORS_IFRAME}</arg>
</arguments>
<msg timestamp="20200827 15:33:30.845" level="INFO">Current page contains element 'xpath=/html/body/div[10]/div/div/div/iframe'.</msg>
<status status="PASS" starttime="20200827 15:33:30.837" endtime="20200827 15:33:30.845"></status>
</kw>
<kw name="Wait Until Element Is Visible" library="SeleniumLibrary">
<doc>Waits until the element ``locator`` is visible.</doc>
<arguments>
<arg>${ENCOREGX_VIDEO_COLORS_IFRAME}</arg>
<arg>timeout=5s</arg>
</arguments>
<status status="PASS" starttime="20200827 15:33:30.846" endtime="20200827 15:33:30.862"></status>
</kw>
<kw name="Set Focus To Element" library="SeleniumLibrary">
<doc>Sets the focus to the element identified by ``locator``.</doc>
<arguments>
<arg>${ENCOREGX_VIDEO_COLORS_IFRAME}</arg>
</arguments>
<status status="PASS" starttime="20200827 15:33:30.863" endtime="20200827 15:33:30.872"></status>
</kw>
<kw name="Select Frame" library="SeleniumLibrary">
<doc>Sets frame identified by ``locator`` as the current frame.</doc>
<arguments>
<arg>${ENCOREGX_VIDEO_COLORS_IFRAME}</arg>
</arguments>
<msg timestamp="20200827 15:33:30.873" level="INFO">Selecting frame 'xpath=/html/body/div[10]/div/div/div/iframe'.</msg>
<status status="PASS" starttime="20200827 15:33:30.872" endtime="20200827 15:33:30.894"></status>
</kw>
<status status="PASS" starttime="20200827 15:33:30.836" endtime="20200827 15:33:30.895"></status>
</kw>
<kw name="Check First Color" library="EncoreGX">
<kw name="Verify Color Selected" library="EncoreGX">
<arguments>
<arg>${ENCOREGX_FIRST_COLOR_SELECTOR}</arg>
</arguments>
<kw name="Get Element Attribute" library="SeleniumLibrary">
<doc>Returns the value of ``attribute`` from the element ``locator``.</doc>
<arguments>
<arg>${selected_color}</arg>
<arg>class</arg>
</arguments>
<assign>
<var>${active_class}</var>
</assign>
<msg timestamp="20200827 15:33:30.907" level="INFO">${active_class} = js-colorizer-item colorizer--circle active stat-button-link</msg>
<status status="PASS" starttime="20200827 15:33:30.895" endtime="20200827 15:33:30.908"></status>
</kw>
<kw name="Should Contain" library="BuiltIn">
<doc>Fails if ``container`` does not contain ``item`` one or more times.</doc>
<arguments>
<arg>${active_class}</arg>
<arg>active</arg>
<arg>ignore_case=true</arg>
</arguments>
<status status="PASS" starttime="20200827 15:33:30.908" endtime="20200827 15:33:30.908"></status>
</kw>
<status status="PASS" starttime="20200827 15:33:30.895" endtime="20200827 15:33:30.908"></status>
</kw>
<kw name="Verify Color Loaded" library="EncoreGX">
<arguments>
<arg>${ENCOREGX_FIRST_COLOR_VIDEO_SRC}</arg>
</arguments>
<kw name="Get Element Attribute" library="SeleniumLibrary">
<doc>Returns the value of ``attribute`` from the element ``locator``.</doc>
<arguments>
<arg>${ENCOREGX_VIDEO_DIV_SELECTOR}</arg>
<arg>src</arg>
</arguments>
<assign>
<var>${current_color_video}</var>
</assign>
<msg timestamp="20200827 15:33:30.922" level="INFO">${current_color_video} = https://video2.marketing.gm.com/media/v1/pmp4/static/clear/1274068600/4a06c792-1a0a-4761-befa-50e650417f2f/15f4dad7-d3d3-4a16-ae34-95be97467da0/main.mp4</msg>
<status status="PASS" starttime="20200827 15:33:30.908" endtime="20200827 15:33:30.922"></status>
</kw>
<kw name="Should Be Equal As Strings" library="BuiltIn">
<doc>Fails if objects are unequal after converting them to strings.</doc>
<arguments>
<arg>${current_color_video}</arg>
<arg>${color_video}</arg>
<arg>ignore_case=true</arg>
</arguments>
<status status="PASS" starttime="20200827 15:33:30.923" endtime="20200827 15:33:30.923"></status>
</kw>
<status status="PASS" starttime="20200827 15:33:30.908" endtime="20200827 15:33:30.923"></status>
</kw>
<status status="PASS" starttime="20200827 15:33:30.895" endtime="20200827 15:33:30.923"></status>
</kw>
<kw name="Check Second Color" library="EncoreGX">
<kw name="Switch To Color" library="EncoreGX">
<arguments>
<arg>${ENCOREGX_SECOND_COLOR_SELECTOR}</arg>
</arguments>
<kw name="Sleep" library="BuiltIn">
<doc>Pauses the test executed for the given time.</doc>
<arguments>
<arg>2s</arg>
</arguments>
<msg timestamp="20200827 15:33:32.924" level="INFO">Slept 2 seconds</msg>
<status status="PASS" starttime="20200827 15:33:30.924" endtime="20200827 15:33:32.925"></status>
</kw>
<kw name="Click Element" library="SeleniumLibrary">
<doc>Click the element identified by ``locator``.</doc>
<arguments>
<arg>${color_to_switch}</arg>
</arguments>
<msg timestamp="20200827 15:33:32.925" level="INFO">Clicking element 'xpath=/html/body/row/column/row[1]/column/div[2]/div[2]'.</msg>
<status status="PASS" starttime="20200827 15:33:32.925" endtime="20200827 15:33:33.015"></status>
</kw>
<status status="PASS" starttime="20200827 15:33:30.924" endtime="20200827 15:33:33.015"></status>
</kw>
<kw name="Verify Color Selected" library="EncoreGX">
<arguments>
<arg>${ENCOREGX_SECOND_COLOR_SELECTOR}</arg>
</arguments>
<kw name="Get Element Attribute" library="SeleniumLibrary">
<doc>Returns the value of ``attribute`` from the element ``locator``.</doc>
<arguments>
<arg>${selected_color}</arg>
<arg>class</arg>
</arguments>
<assign>
<var>${active_class}</var>
</assign>
<msg timestamp="20200827 15:33:33.027" level="INFO">${active_class} = js-colorizer-item colorizer--circle  stat-button-link active</msg>
<status status="PASS" starttime="20200827 15:33:33.015" endtime="20200827 15:33:33.027"></status>
</kw>
<kw name="Should Contain" library="BuiltIn">
<doc>Fails if ``container`` does not contain ``item`` one or more times.</doc>
<arguments>
<arg>${active_class}</arg>
<arg>active</arg>
<arg>ignore_case=true</arg>
</arguments>
<status status="PASS" starttime="20200827 15:33:33.027" endtime="20200827 15:33:33.027"></status>
</kw>
<status status="PASS" starttime="20200827 15:33:33.015" endtime="20200827 15:33:33.027"></status>
</kw>
<kw name="Verify Color Loaded" library="EncoreGX">
<arguments>
<arg>${ENCOREGX_SECOND_COLOR_VIDEO_SRC}</arg>
</arguments>
<kw name="Get Element Attribute" library="SeleniumLibrary">
<doc>Returns the value of ``attribute`` from the element ``locator``.</doc>
<arguments>
<arg>${ENCOREGX_VIDEO_DIV_SELECTOR}</arg>
<arg>src</arg>
</arguments>
<assign>
<var>${current_color_video}</var>
</assign>
<msg timestamp="20200827 15:33:33.038" level="INFO">${current_color_video} = https://video2.marketing.gm.com/media/v1/pmp4/static/clear/1274068600/d0bc1105-9837-42c7-b7fd-dbacf3f4f6af/08b6d25e-8d97-4be3-83f9-34838daf1656/main.mp4</msg>
<status status="PASS" starttime="20200827 15:33:33.028" endtime="20200827 15:33:33.038"></status>
</kw>
<kw name="Should Be Equal As Strings" library="BuiltIn">
<doc>Fails if objects are unequal after converting them to strings.</doc>
<arguments>
<arg>${current_color_video}</arg>
<arg>${color_video}</arg>
<arg>ignore_case=true</arg>
</arguments>
<status status="PASS" starttime="20200827 15:33:33.038" endtime="20200827 15:33:33.038"></status>
</kw>
<status status="PASS" starttime="20200827 15:33:33.028" endtime="20200827 15:33:33.038"></status>
</kw>
<status status="PASS" starttime="20200827 15:33:30.923" endtime="20200827 15:33:33.039"></status>
</kw>
<kw name="Check Third Color" library="EncoreGX">
<kw name="Switch To Color" library="EncoreGX">
<arguments>
<arg>${ENCOREGX_THIRD_COLOR_SELECTOR}</arg>
</arguments>
<kw name="Sleep" library="BuiltIn">
<doc>Pauses the test executed for the given time.</doc>
<arguments>
<arg>2s</arg>
</arguments>
<msg timestamp="20200827 15:33:35.041" level="INFO">Slept 2 seconds</msg>
<status status="PASS" starttime="20200827 15:33:33.040" endtime="20200827 15:33:35.041"></status>
</kw>
<kw name="Click Element" library="SeleniumLibrary">
<doc>Click the element identified by ``locator``.</doc>
<arguments>
<arg>${color_to_switch}</arg>
</arguments>
<msg timestamp="20200827 15:33:35.042" level="INFO">Clicking element 'xpath=/html/body/row/column/row[1]/column/div[2]/div[3]'.</msg>
<status status="PASS" starttime="20200827 15:33:35.041" endtime="20200827 15:33:35.111"></status>
</kw>
<status status="PASS" starttime="20200827 15:33:33.039" endtime="20200827 15:33:35.111"></status>
</kw>
<kw name="Verify Color Selected" library="EncoreGX">
<arguments>
<arg>${ENCOREGX_THIRD_COLOR_SELECTOR}</arg>
</arguments>
<kw name="Get Element Attribute" library="SeleniumLibrary">
<doc>Returns the value of ``attribute`` from the element ``locator``.</doc>
<arguments>
<arg>${selected_color}</arg>
<arg>class</arg>
</arguments>
<assign>
<var>${active_class}</var>
</assign>
<msg timestamp="20200827 15:33:35.123" level="INFO">${active_class} = js-colorizer-item colorizer--circle  stat-button-link active</msg>
<status status="PASS" starttime="20200827 15:33:35.112" endtime="20200827 15:33:35.123"></status>
</kw>
<kw name="Should Contain" library="BuiltIn">
<doc>Fails if ``container`` does not contain ``item`` one or more times.</doc>
<arguments>
<arg>${active_class}</arg>
<arg>active</arg>
<arg>ignore_case=true</arg>
</arguments>
<status status="PASS" starttime="20200827 15:33:35.123" endtime="20200827 15:33:35.124"></status>
</kw>
<status status="PASS" starttime="20200827 15:33:35.111" endtime="20200827 15:33:35.124"></status>
</kw>
<kw name="Verify Color Loaded" library="EncoreGX">
<arguments>
<arg>${ENCOREGX_THIRD_COLOR_VIDEO_SRC}</arg>
</arguments>
<kw name="Get Element Attribute" library="SeleniumLibrary">
<doc>Returns the value of ``attribute`` from the element ``locator``.</doc>
<arguments>
<arg>${ENCOREGX_VIDEO_DIV_SELECTOR}</arg>
<arg>src</arg>
</arguments>
<assign>
<var>${current_color_video}</var>
</assign>
<msg timestamp="20200827 15:33:35.136" level="INFO">${current_color_video} = https://video2.marketing.gm.com/media/v1/pmp4/static/clear/1274068600/44a077af-6f3a-41f5-bc0f-80aa8499d018/1ab0c3ef-7f1b-40f8-95c8-afa3af96253e/main.mp4</msg>
<status status="PASS" starttime="20200827 15:33:35.125" endtime="20200827 15:33:35.136"></status>
</kw>
<kw name="Should Be Equal As Strings" library="BuiltIn">
<doc>Fails if objects are unequal after converting them to strings.</doc>
<arguments>
<arg>${current_color_video}</arg>
<arg>${color_video}</arg>
<arg>ignore_case=true</arg>
</arguments>
<status status="PASS" starttime="20200827 15:33:35.137" endtime="20200827 15:33:35.137"></status>
</kw>
<status status="PASS" starttime="20200827 15:33:35.124" endtime="20200827 15:33:35.137"></status>
</kw>
<status status="PASS" starttime="20200827 15:33:33.039" endtime="20200827 15:33:35.137"></status>
</kw>
<kw name="Check Fourth Color" library="EncoreGX">
<kw name="Switch To Color" library="EncoreGX">
<arguments>
<arg>${ENCOREGX_FORTH_COLOR_SELECTOR}</arg>
</arguments>
<kw name="Sleep" library="BuiltIn">
<doc>Pauses the test executed for the given time.</doc>
<arguments>
<arg>2s</arg>
</arguments>
<msg timestamp="20200827 15:33:37.140" level="INFO">Slept 2 seconds</msg>
<status status="PASS" starttime="20200827 15:33:35.138" endtime="20200827 15:33:37.140"></status>
</kw>
<kw name="Click Element" library="SeleniumLibrary">
<doc>Click the element identified by ``locator``.</doc>
<arguments>
<arg>${color_to_switch}</arg>
</arguments>
<msg timestamp="20200827 15:33:37.140" level="INFO">Clicking element 'xpath=/html/body/row/column/row[1]/column/div[2]/div[4]'.</msg>
<status status="PASS" starttime="20200827 15:33:37.140" endtime="20200827 15:33:37.204"></status>
</kw>
<status status="PASS" starttime="20200827 15:33:35.138" endtime="20200827 15:33:37.204"></status>
</kw>
<kw name="Verify Color Selected" library="EncoreGX">
<arguments>
<arg>${ENCOREGX_FORTH_COLOR_SELECTOR}</arg>
</arguments>
<kw name="Get Element Attribute" library="SeleniumLibrary">
<doc>Returns the value of ``attribute`` from the element ``locator``.</doc>
<arguments>
<arg>${selected_color}</arg>
<arg>class</arg>
</arguments>
<assign>
<var>${active_class}</var>
</assign>
<msg timestamp="20200827 15:33:37.219" level="INFO">${active_class} = js-colorizer-item colorizer--circle  stat-button-link active</msg>
<status status="PASS" starttime="20200827 15:33:37.205" endtime="20200827 15:33:37.219"></status>
</kw>
<kw name="Should Contain" library="BuiltIn">
<doc>Fails if ``container`` does not contain ``item`` one or more times.</doc>
<arguments>
<arg>${active_class}</arg>
<arg>active</arg>
<arg>ignore_case=true</arg>
</arguments>
<status status="PASS" starttime="20200827 15:33:37.219" endtime="20200827 15:33:37.219"></status>
</kw>
<status status="PASS" starttime="20200827 15:33:37.205" endtime="20200827 15:33:37.220"></status>
</kw>
<kw name="Verify Color Loaded" library="EncoreGX">
<arguments>
<arg>${ENCOREGX_FORTH_COLOR_VIDEO_SRC}</arg>
</arguments>
<kw name="Get Element Attribute" library="SeleniumLibrary">
<doc>Returns the value of ``attribute`` from the element ``locator``.</doc>
<arguments>
<arg>${ENCOREGX_VIDEO_DIV_SELECTOR}</arg>
<arg>src</arg>
</arguments>
<assign>
<var>${current_color_video}</var>
</assign>
<msg timestamp="20200827 15:33:37.231" level="INFO">${current_color_video} = https://video2.marketing.gm.com/media/v1/pmp4/static/clear/1274068600/e72b58f8-6918-4456-9606-0a0f826a7d28/bdc46c3c-0c51-4f9d-9a27-af3b03bcdcf0/main.mp4</msg>
<status status="PASS" starttime="20200827 15:33:37.220" endtime="20200827 15:33:37.231"></status>
</kw>
<kw name="Should Be Equal As Strings" library="BuiltIn">
<doc>Fails if objects are unequal after converting them to strings.</doc>
<arguments>
<arg>${current_color_video}</arg>
<arg>${color_video}</arg>
<arg>ignore_case=true</arg>
</arguments>
<status status="PASS" starttime="20200827 15:33:37.231" endtime="20200827 15:33:37.232"></status>
</kw>
<status status="PASS" starttime="20200827 15:33:37.220" endtime="20200827 15:33:37.232"></status>
</kw>
<status status="PASS" starttime="20200827 15:33:35.137" endtime="20200827 15:33:37.232"></status>
</kw>
<kw name="Check Fifth Color" library="EncoreGX">
<kw name="Switch To Color" library="EncoreGX">
<arguments>
<arg>${ENCOREGX_FIFTH_COLOR_SELECTOR}</arg>
</arguments>
<kw name="Sleep" library="BuiltIn">
<doc>Pauses the test executed for the given time.</doc>
<arguments>
<arg>2s</arg>
</arguments>
<msg timestamp="20200827 15:33:39.234" level="INFO">Slept 2 seconds</msg>
<status status="PASS" starttime="20200827 15:33:37.233" endtime="20200827 15:33:39.234"></status>
</kw>
<kw name="Click Element" library="SeleniumLibrary">
<doc>Click the element identified by ``locator``.</doc>
<arguments>
<arg>${color_to_switch}</arg>
</arguments>
<msg timestamp="20200827 15:33:39.235" level="INFO">Clicking element 'xpath=/html/body/row/column/row[1]/column/div[2]/div[5]'.</msg>
<status status="PASS" starttime="20200827 15:33:39.234" endtime="20200827 15:33:39.302"></status>
</kw>
<status status="PASS" starttime="20200827 15:33:37.232" endtime="20200827 15:33:39.303"></status>
</kw>
<kw name="Verify Color Selected" library="EncoreGX">
<arguments>
<arg>${ENCOREGX_FIFTH_COLOR_SELECTOR}</arg>
</arguments>
<kw name="Get Element Attribute" library="SeleniumLibrary">
<doc>Returns the value of ``attribute`` from the element ``locator``.</doc>
<arguments>
<arg>${selected_color}</arg>
<arg>class</arg>
</arguments>
<assign>
<var>${active_class}</var>
</assign>
<msg timestamp="20200827 15:33:39.315" level="INFO">${active_class} = js-colorizer-item colorizer--circle  stat-button-link active</msg>
<status status="PASS" starttime="20200827 15:33:39.303" endtime="20200827 15:33:39.315"></status>
</kw>
<kw name="Should Contain" library="BuiltIn">
<doc>Fails if ``container`` does not contain ``item`` one or more times.</doc>
<arguments>
<arg>${active_class}</arg>
<arg>active</arg>
<arg>ignore_case=true</arg>
</arguments>
<status status="PASS" starttime="20200827 15:33:39.315" endtime="20200827 15:33:39.316"></status>
</kw>
<status status="PASS" starttime="20200827 15:33:39.303" endtime="20200827 15:33:39.316"></status>
</kw>
<kw name="Verify Color Loaded" library="EncoreGX">
<arguments>
<arg>${ENCOREGX_FIFTH_COLOR_VIDEO_SRC}</arg>
</arguments>
<kw name="Get Element Attribute" library="SeleniumLibrary">
<doc>Returns the value of ``attribute`` from the element ``locator``.</doc>
<arguments>
<arg>${ENCOREGX_VIDEO_DIV_SELECTOR}</arg>
<arg>src</arg>
</arguments>
<assign>
<var>${current_color_video}</var>
</assign>
<msg timestamp="20200827 15:33:39.328" level="INFO">${current_color_video} = https://video2.marketing.gm.com/media/v1/pmp4/static/clear/1274068600/43c8414a-15bd-423b-b3a6-dd00790509a5/df56e813-dbff-4e18-ba3e-76a037dfc34b/main.mp4</msg>
<status status="PASS" starttime="20200827 15:33:39.316" endtime="20200827 15:33:39.328"></status>
</kw>
<kw name="Should Be Equal As Strings" library="BuiltIn">
<doc>Fails if objects are unequal after converting them to strings.</doc>
<arguments>
<arg>${current_color_video}</arg>
<arg>${color_video}</arg>
<arg>ignore_case=true</arg>
</arguments>
<status status="PASS" starttime="20200827 15:33:39.328" endtime="20200827 15:33:39.329"></status>
</kw>
<status status="PASS" starttime="20200827 15:33:39.316" endtime="20200827 15:33:39.329"></status>
</kw>
<status status="PASS" starttime="20200827 15:33:37.232" endtime="20200827 15:33:39.329"></status>
</kw>
<kw name="Check Sixth Color" library="EncoreGX">
<kw name="Switch To Color" library="EncoreGX">
<arguments>
<arg>${ENCOREGX_SIXTH_COLOR_SELECTOR}</arg>
</arguments>
<kw name="Sleep" library="BuiltIn">
<doc>Pauses the test executed for the given time.</doc>
<arguments>
<arg>2s</arg>
</arguments>
<msg timestamp="20200827 15:33:41.330" level="INFO">Slept 2 seconds</msg>
<status status="PASS" starttime="20200827 15:33:39.330" endtime="20200827 15:33:41.331"></status>
</kw>
<kw name="Click Element" library="SeleniumLibrary">
<doc>Click the element identified by ``locator``.</doc>
<arguments>
<arg>${color_to_switch}</arg>
</arguments>
<msg timestamp="20200827 15:33:41.331" level="INFO">Clicking element 'xpath=/html/body/row/column/row[1]/column/div[2]/div[6]'.</msg>
<status status="PASS" starttime="20200827 15:33:41.331" endtime="20200827 15:33:41.396"></status>
</kw>
<status status="PASS" starttime="20200827 15:33:39.330" endtime="20200827 15:33:41.396"></status>
</kw>
<kw name="Verify Color Selected" library="EncoreGX">
<arguments>
<arg>${ENCOREGX_SIXTH_COLOR_SELECTOR}</arg>
</arguments>
<kw name="Get Element Attribute" library="SeleniumLibrary">
<doc>Returns the value of ``attribute`` from the element ``locator``.</doc>
<arguments>
<arg>${selected_color}</arg>
<arg>class</arg>
</arguments>
<assign>
<var>${active_class}</var>
</assign>
<msg timestamp="20200827 15:33:41.407" level="INFO">${active_class} = js-colorizer-item colorizer--circle  stat-button-link active</msg>
<status status="PASS" starttime="20200827 15:33:41.397" endtime="20200827 15:33:41.407"></status>
</kw>
<kw name="Should Contain" library="BuiltIn">
<doc>Fails if ``container`` does not contain ``item`` one or more times.</doc>
<arguments>
<arg>${active_class}</arg>
<arg>active</arg>
<arg>ignore_case=true</arg>
</arguments>
<status status="PASS" starttime="20200827 15:33:41.407" endtime="20200827 15:33:41.408"></status>
</kw>
<status status="PASS" starttime="20200827 15:33:41.396" endtime="20200827 15:33:41.408"></status>
</kw>
<kw name="Verify Color Loaded" library="EncoreGX">
<arguments>
<arg>${ENCOREGX_SIXTH_COLOR_VIDEO_SRC}</arg>
</arguments>
<kw name="Get Element Attribute" library="SeleniumLibrary">
<doc>Returns the value of ``attribute`` from the element ``locator``.</doc>
<arguments>
<arg>${ENCOREGX_VIDEO_DIV_SELECTOR}</arg>
<arg>src</arg>
</arguments>
<assign>
<var>${current_color_video}</var>
</assign>
<msg timestamp="20200827 15:33:41.421" level="INFO">${current_color_video} = https://video2.marketing.gm.com/media/v1/pmp4/static/clear/1274068600/be5dc254-4774-4c40-bc34-0f82a4886dc2/43fe4fe3-d193-4d94-b9e8-62b29911a640/main.mp4</msg>
<status status="PASS" starttime="20200827 15:33:41.408" endtime="20200827 15:33:41.421"></status>
</kw>
<kw name="Should Be Equal As Strings" library="BuiltIn">
<doc>Fails if objects are unequal after converting them to strings.</doc>
<arguments>
<arg>${current_color_video}</arg>
<arg>${color_video}</arg>
<arg>ignore_case=true</arg>
</arguments>
<status status="PASS" starttime="20200827 15:33:41.421" endtime="20200827 15:33:41.422"></status>
</kw>
<status status="PASS" starttime="20200827 15:33:41.408" endtime="20200827 15:33:41.422"></status>
</kw>
<status status="PASS" starttime="20200827 15:33:39.329" endtime="20200827 15:33:41.422"></status>
</kw>
<kw name="Check Seventh Color" library="EncoreGX">
<kw name="Switch To Color" library="EncoreGX">
<arguments>
<arg>${ENCOREGX_SEVENTH_COLOR_SELECTOR}</arg>
</arguments>
<kw name="Sleep" library="BuiltIn">
<doc>Pauses the test executed for the given time.</doc>
<arguments>
<arg>2s</arg>
</arguments>
<msg timestamp="20200827 15:33:43.426" level="INFO">Slept 2 seconds</msg>
<status status="PASS" starttime="20200827 15:33:41.423" endtime="20200827 15:33:43.426"></status>
</kw>
<kw name="Click Element" library="SeleniumLibrary">
<doc>Click the element identified by ``locator``.</doc>
<arguments>
<arg>${color_to_switch}</arg>
</arguments>
<msg timestamp="20200827 15:33:43.427" level="INFO">Clicking element 'xpath=/html/body/row/column/row[1]/column/div[2]/div[7]'.</msg>
<status status="PASS" starttime="20200827 15:33:43.426" endtime="20200827 15:33:43.490"></status>
</kw>
<status status="PASS" starttime="20200827 15:33:41.423" endtime="20200827 15:33:43.490"></status>
</kw>
<kw name="Verify Color Selected" library="EncoreGX">
<arguments>
<arg>${ENCOREGX_SEVENTH_COLOR_SELECTOR}</arg>
</arguments>
<kw name="Get Element Attribute" library="SeleniumLibrary">
<doc>Returns the value of ``attribute`` from the element ``locator``.</doc>
<arguments>
<arg>${selected_color}</arg>
<arg>class</arg>
</arguments>
<assign>
<var>${active_class}</var>
</assign>
<msg timestamp="20200827 15:33:43.502" level="INFO">${active_class} = js-colorizer-item colorizer--circle  stat-button-link active</msg>
<status status="PASS" starttime="20200827 15:33:43.490" endtime="20200827 15:33:43.502"></status>
</kw>
<kw name="Should Contain" library="BuiltIn">
<doc>Fails if ``container`` does not contain ``item`` one or more times.</doc>
<arguments>
<arg>${active_class}</arg>
<arg>active</arg>
<arg>ignore_case=true</arg>
</arguments>
<status status="PASS" starttime="20200827 15:33:43.502" endtime="20200827 15:33:43.503"></status>
</kw>
<status status="PASS" starttime="20200827 15:33:43.490" endtime="20200827 15:33:43.503"></status>
</kw>
<kw name="Verify Color Loaded" library="EncoreGX">
<arguments>
<arg>${ENCOREGX_SEVENTH_COLOR_VIDEO_SRC}</arg>
</arguments>
<kw name="Get Element Attribute" library="SeleniumLibrary">
<doc>Returns the value of ``attribute`` from the element ``locator``.</doc>
<arguments>
<arg>${ENCOREGX_VIDEO_DIV_SELECTOR}</arg>
<arg>src</arg>
</arguments>
<assign>
<var>${current_color_video}</var>
</assign>
<msg timestamp="20200827 15:33:43.515" level="INFO">${current_color_video} = https://video2.marketing.gm.com/media/v1/pmp4/static/clear/1274068600/94f6ea8d-44f3-4ba3-b567-148c25de85b5/728eafa1-f7e3-4a45-9d46-0897e898c370/main.mp4</msg>
<status status="PASS" starttime="20200827 15:33:43.504" endtime="20200827 15:33:43.515"></status>
</kw>
<kw name="Should Be Equal As Strings" library="BuiltIn">
<doc>Fails if objects are unequal after converting them to strings.</doc>
<arguments>
<arg>${current_color_video}</arg>
<arg>${color_video}</arg>
<arg>ignore_case=true</arg>
</arguments>
<status status="PASS" starttime="20200827 15:33:43.515" endtime="20200827 15:33:43.515"></status>
</kw>
<status status="PASS" starttime="20200827 15:33:43.503" endtime="20200827 15:33:43.516"></status>
</kw>
<status status="PASS" starttime="20200827 15:33:41.422" endtime="20200827 15:33:43.516"></status>
</kw>
<kw name="Check Eighth Color" library="EncoreGX">
<kw name="Switch To Color" library="EncoreGX">
<arguments>
<arg>${ENCOREGX_EIGHTH_COLOR_SELECTOR}</arg>
</arguments>
<kw name="Sleep" library="BuiltIn">
<doc>Pauses the test executed for the given time.</doc>
<arguments>
<arg>2s</arg>
</arguments>
<msg timestamp="20200827 15:33:45.518" level="INFO">Slept 2 seconds</msg>
<status status="PASS" starttime="20200827 15:33:43.517" endtime="20200827 15:33:45.518"></status>
</kw>
<kw name="Click Element" library="SeleniumLibrary">
<doc>Click the element identified by ``locator``.</doc>
<arguments>
<arg>${color_to_switch}</arg>
</arguments>
<msg timestamp="20200827 15:33:45.519" level="INFO">Clicking element 'xpath=/html/body/row/column/row[1]/column/div[2]/div[8]'.</msg>
<status status="PASS" starttime="20200827 15:33:45.519" endtime="20200827 15:33:45.581"></status>
</kw>
<status status="PASS" starttime="20200827 15:33:43.516" endtime="20200827 15:33:45.581"></status>
</kw>
<kw name="Verify Color Selected" library="EncoreGX">
<arguments>
<arg>${ENCOREGX_EIGHTH_COLOR_SELECTOR}</arg>
</arguments>
<kw name="Get Element Attribute" library="SeleniumLibrary">
<doc>Returns the value of ``attribute`` from the element ``locator``.</doc>
<arguments>
<arg>${selected_color}</arg>
<arg>class</arg>
</arguments>
<assign>
<var>${active_class}</var>
</assign>
<msg timestamp="20200827 15:33:45.592" level="INFO">${active_class} = js-colorizer-item colorizer--circle  stat-button-link active</msg>
<status status="PASS" starttime="20200827 15:33:45.581" endtime="20200827 15:33:45.592"></status>
</kw>
<kw name="Should Contain" library="BuiltIn">
<doc>Fails if ``container`` does not contain ``item`` one or more times.</doc>
<arguments>
<arg>${active_class}</arg>
<arg>active</arg>
<arg>ignore_case=true</arg>
</arguments>
<status status="PASS" starttime="20200827 15:33:45.592" endtime="20200827 15:33:45.592"></status>
</kw>
<status status="PASS" starttime="20200827 15:33:45.581" endtime="20200827 15:33:45.593"></status>
</kw>
<kw name="Verify Color Loaded" library="EncoreGX">
<arguments>
<arg>${ENCOREGX_EIGHTH_COLOR_VIDEO_SRC}</arg>
</arguments>
<kw name="Get Element Attribute" library="SeleniumLibrary">
<doc>Returns the value of ``attribute`` from the element ``locator``.</doc>
<arguments>
<arg>${ENCOREGX_VIDEO_DIV_SELECTOR}</arg>
<arg>src</arg>
</arguments>
<assign>
<var>${current_color_video}</var>
</assign>
<msg timestamp="20200827 15:33:45.604" level="INFO">${current_color_video} = https://video2.marketing.gm.com/media/v1/pmp4/static/clear/1274068600/5552e2c3-e605-42b3-881c-80d63669ce67/c9c0a2c9-6b43-4ecc-8cc4-e96e298cbcbc/main.mp4</msg>
<status status="PASS" starttime="20200827 15:33:45.593" endtime="20200827 15:33:45.604"></status>
</kw>
<kw name="Should Be Equal As Strings" library="BuiltIn">
<doc>Fails if objects are unequal after converting them to strings.</doc>
<arguments>
<arg>${current_color_video}</arg>
<arg>${color_video}</arg>
<arg>ignore_case=true</arg>
</arguments>
<status status="PASS" starttime="20200827 15:33:45.605" endtime="20200827 15:33:45.605"></status>
</kw>
<status status="PASS" starttime="20200827 15:33:45.593" endtime="20200827 15:33:45.605"></status>
</kw>
<status status="PASS" starttime="20200827 15:33:43.516" endtime="20200827 15:33:45.605"></status>
</kw>
<kw name="Check Ninth Color" library="EncoreGX">
<kw name="Switch To Color" library="EncoreGX">
<arguments>
<arg>${ENCOREGX_NINTH_COLOR_SELECTOR}</arg>
</arguments>
<kw name="Sleep" library="BuiltIn">
<doc>Pauses the test executed for the given time.</doc>
<arguments>
<arg>2s</arg>
</arguments>
<msg timestamp="20200827 15:33:47.608" level="INFO">Slept 2 seconds</msg>
<status status="PASS" starttime="20200827 15:33:45.606" endtime="20200827 15:33:47.608"></status>
</kw>
<kw name="Click Element" library="SeleniumLibrary">
<doc>Click the element identified by ``locator``.</doc>
<arguments>
<arg>${color_to_switch}</arg>
</arguments>
<msg timestamp="20200827 15:33:47.609" level="INFO">Clicking element 'xpath=/html/body/row/column/row[1]/column/div[2]/div[9]'.</msg>
<status status="PASS" starttime="20200827 15:33:47.609" endtime="20200827 15:33:47.675"></status>
</kw>
<status status="PASS" starttime="20200827 15:33:45.606" endtime="20200827 15:33:47.675"></status>
</kw>
<kw name="Verify Color Selected" library="EncoreGX">
<arguments>
<arg>${ENCOREGX_NINTH_COLOR_SELECTOR}</arg>
</arguments>
<kw name="Get Element Attribute" library="SeleniumLibrary">
<doc>Returns the value of ``attribute`` from the element ``locator``.</doc>
<arguments>
<arg>${selected_color}</arg>
<arg>class</arg>
</arguments>
<assign>
<var>${active_class}</var>
</assign>
<msg timestamp="20200827 15:33:47.689" level="INFO">${active_class} = js-colorizer-item colorizer--circle  stat-button-link active</msg>
<status status="PASS" starttime="20200827 15:33:47.675" endtime="20200827 15:33:47.689"></status>
</kw>
<kw name="Should Contain" library="BuiltIn">
<doc>Fails if ``container`` does not contain ``item`` one or more times.</doc>
<arguments>
<arg>${active_class}</arg>
<arg>active</arg>
<arg>ignore_case=true</arg>
</arguments>
<status status="PASS" starttime="20200827 15:33:47.689" endtime="20200827 15:33:47.689"></status>
</kw>
<status status="PASS" starttime="20200827 15:33:47.675" endtime="20200827 15:33:47.690"></status>
</kw>
<kw name="Verify Color Loaded" library="EncoreGX">
<arguments>
<arg>${ENCOREGX_NINTH_COLOR_VIDEO_SRC}</arg>
</arguments>
<kw name="Get Element Attribute" library="SeleniumLibrary">
<doc>Returns the value of ``attribute`` from the element ``locator``.</doc>
<arguments>
<arg>${ENCOREGX_VIDEO_DIV_SELECTOR}</arg>
<arg>src</arg>
</arguments>
<assign>
<var>${current_color_video}</var>
</assign>
<msg timestamp="20200827 15:33:47.703" level="INFO">${current_color_video} = https://video2.marketing.gm.com/media/v1/pmp4/static/clear/1274068600/b49c6cc7-30f4-4c6e-9d2e-8be3ac6ccb51/9699c7cd-38c5-4e68-9829-85c05aa05bed/main.mp4</msg>
<status status="PASS" starttime="20200827 15:33:47.690" endtime="20200827 15:33:47.703"></status>
</kw>
<kw name="Should Be Equal As Strings" library="BuiltIn">
<doc>Fails if objects are unequal after converting them to strings.</doc>
<arguments>
<arg>${current_color_video}</arg>
<arg>${color_video}</arg>
<arg>ignore_case=true</arg>
</arguments>
<status status="PASS" starttime="20200827 15:33:47.703" endtime="20200827 15:33:47.704"></status>
</kw>
<status status="PASS" starttime="20200827 15:33:47.690" endtime="20200827 15:33:47.704"></status>
</kw>
<status status="PASS" starttime="20200827 15:33:45.605" endtime="20200827 15:33:47.704"></status>
</kw>
<status status="PASS" starttime="20200827 15:33:30.836" endtime="20200827 15:33:47.704"></status>
</kw>
<kw name="End Web Test" library="Common" type="teardown">
<kw name="Close Browser" library="SeleniumLibrary">
<doc>Closes the current browser.</doc>
<status status="PASS" starttime="20200827 15:33:47.706" endtime="20200827 15:33:48.919"></status>
</kw>
<status status="PASS" starttime="20200827 15:33:47.705" endtime="20200827 15:33:48.920"></status>
</kw>
<doc>Colors successfully changed and appropriate video file is loaded in 360 view</doc>
<tags>
<tag>Colors</tag>
<tag>Medium Severity</tag>
</tags>
<status status="PASS" starttime="20200827 15:33:12.974" endtime="20200827 15:33:48.920" critical="yes"></status>
</test>
<test id="s1-t3" name="Colors should successfully change for &quot;Envision&quot; in the 360 view">
<kw name="Begin Web Test" library="Common" type="setup">
<kw name="Open Browser" library="SeleniumLibrary">
<doc>Opens a new browser instance to the optional ``url``.</doc>
<arguments>
<arg>about:blank</arg>
<arg>${BROWSER}</arg>
</arguments>
<msg timestamp="20200827 15:33:48.922" level="INFO">Opening browser 'chrome' to base url 'about:blank'.</msg>
<status status="PASS" starttime="20200827 15:33:48.922" endtime="20200827 15:33:51.007"></status>
</kw>
<kw name="Maximize Browser Window" library="SeleniumLibrary">
<doc>Maximizes current browser window.</doc>
<status status="PASS" starttime="20200827 15:33:51.007" endtime="20200827 15:33:51.116"></status>
</kw>
<status status="PASS" starttime="20200827 15:33:48.922" endtime="20200827 15:33:51.116"></status>
</kw>
<kw name="Go To Main Page" library="BuickApp">
<kw name="Open Main Page" library="Main">
<kw name="Go To" library="SeleniumLibrary">
<doc>Navigates the current browser window to the provided ``url``.</doc>
<arguments>
<arg>${URL}</arg>
</arguments>
<msg timestamp="20200827 15:33:51.117" level="INFO">Opening url 'https://www.buick.ca/en/'</msg>
<status status="PASS" starttime="20200827 15:33:51.117" endtime="20200827 15:33:53.817"></status>
</kw>
<status status="PASS" starttime="20200827 15:33:51.117" endtime="20200827 15:33:53.817"></status>
</kw>
<kw name="Verify Page Loaded" library="Main">
<kw name="Wait Until Page Contains Element" library="SeleniumLibrary">
<doc>Waits until the element ``locator`` appears on the current page.</doc>
<arguments>
<arg>${MAIN_HOME_LINK}</arg>
</arguments>
<status status="PASS" starttime="20200827 15:33:53.818" endtime="20200827 15:33:54.804"></status>
</kw>
<kw name="Sleep" library="BuiltIn">
<doc>Pauses the test executed for the given time.</doc>
<arguments>
<arg>1s</arg>
</arguments>
<msg timestamp="20200827 15:33:55.805" level="INFO">Slept 1 second</msg>
<status status="PASS" starttime="20200827 15:33:54.804" endtime="20200827 15:33:55.805"></status>
</kw>
<kw name="Run Keyword And Return Status" library="BuiltIn">
<doc>Runs the given keyword with given arguments and returns the status as a Boolean value.</doc>
<arguments>
<arg>Wait Until Element Is Visible</arg>
<arg>${MAIN_COOKIES_CLOSE_BUTTON}</arg>
</arguments>
<assign>
<var>${contains_cookies_message}</var>
</assign>
<kw name="Wait Until Element Is Visible" library="SeleniumLibrary">
<doc>Waits until the element ``locator`` is visible.</doc>
<arguments>
<arg>${MAIN_COOKIES_CLOSE_BUTTON}</arg>
</arguments>
<status status="PASS" starttime="20200827 15:33:55.806" endtime="20200827 15:33:55.828"></status>
</kw>
<msg timestamp="20200827 15:33:55.828" level="INFO">${contains_cookies_message} = True</msg>
<status status="PASS" starttime="20200827 15:33:55.806" endtime="20200827 15:33:55.828"></status>
</kw>
<kw name="Run Keyword If" library="BuiltIn">
<doc>Runs the given keyword with the given arguments, if ``condition`` is true.</doc>
<arguments>
<arg>${contains_cookies_message}</arg>
<arg>Main.Close Cookies Message</arg>
</arguments>
<kw name="Close Cookies Message" library="Main">
<kw name="Mouse Over" library="SeleniumLibrary">
<doc>Simulates hovering the mouse over the element ``locator``.</doc>
<arguments>
<arg>${MAIN_COOKIES_CLOSE_BUTTON}</arg>
</arguments>
<msg timestamp="20200827 15:33:55.829" level="INFO">Simulating Mouse Over on element 'xpath=/html/body/div[18]/div[2]/div/div/div/div[3]'.</msg>
<status status="PASS" starttime="20200827 15:33:55.829" endtime="20200827 15:33:56.107"></status>
</kw>
<kw name="Sleep" library="BuiltIn">
<doc>Pauses the test executed for the given time.</doc>
<arguments>
<arg>0.5s</arg>
</arguments>
<msg timestamp="20200827 15:33:56.610" level="INFO">Slept 500 milliseconds</msg>
<status status="PASS" starttime="20200827 15:33:56.107" endtime="20200827 15:33:56.610"></status>
</kw>
<kw name="Click Element" library="SeleniumLibrary">
<doc>Click the element identified by ``locator``.</doc>
<arguments>
<arg>${MAIN_COOKIES_CLOSE_BUTTON}</arg>
</arguments>
<msg timestamp="20200827 15:33:56.610" level="INFO">Clicking element 'xpath=/html/body/div[18]/div[2]/div/div/div/div[3]'.</msg>
<status status="PASS" starttime="20200827 15:33:56.610" endtime="20200827 15:33:56.675"></status>
</kw>
<status status="PASS" starttime="20200827 15:33:55.829" endtime="20200827 15:33:56.675"></status>
</kw>
<status status="PASS" starttime="20200827 15:33:55.829" endtime="20200827 15:33:56.675"></status>
</kw>
<status status="PASS" starttime="20200827 15:33:53.817" endtime="20200827 15:33:56.675"></status>
</kw>
<status status="PASS" starttime="20200827 15:33:51.116" endtime="20200827 15:33:56.675"></status>
</kw>
<kw name="Go To &quot;Envision&quot; Page" library="BuickApp">
<kw name="Click &quot;Vehicles&quot; Dropdown" library="Main">
<kw name="Click Element" library="SeleniumLibrary">
<doc>Click the element identified by ``locator``.</doc>
<arguments>
<arg>${VEHICLES_DROPDOWN}</arg>
</arguments>
<msg timestamp="20200827 15:33:56.676" level="INFO">Clicking element 'xpath=/html/body/div[2]/div[2]/nav/section/div/ul[1]/li[1]/a'.</msg>
<status status="PASS" starttime="20200827 15:33:56.676" endtime="20200827 15:33:56.755"></status>
</kw>
<kw name="Wait Until Element Is Visible" library="SeleniumLibrary">
<doc>Waits until the element ``locator`` is visible.</doc>
<arguments>
<arg>${ENCLAVE_LINK}</arg>
</arguments>
<status status="PASS" starttime="20200827 15:33:56.755" endtime="20200827 15:33:57.710"></status>
</kw>
<status status="PASS" starttime="20200827 15:33:56.676" endtime="20200827 15:33:57.710"></status>
</kw>
<kw name="Go To &quot;Envision&quot; Page" library="Main">
<kw name="Click Element" library="SeleniumLibrary">
<doc>Click the element identified by ``locator``.</doc>
<arguments>
<arg>${ENVISION_LINK}</arg>
</arguments>
<msg timestamp="20200827 15:33:57.711" level="INFO">Clicking element 'xpath=/html/body/div[2]/div[3]/div/div/div[2]/div/div/div/div[2]/div[7]'.</msg>
<status status="PASS" starttime="20200827 15:33:57.711" endtime="20200827 15:33:58.411"></status>
</kw>
<status status="PASS" starttime="20200827 15:33:57.710" endtime="20200827 15:33:58.411"></status>
</kw>
<kw name="Verify Page Loaded" library="Envision">
<kw name="Wait Until Page Contains Element" library="SeleniumLibrary">
<doc>Waits until the element ``locator`` appears on the current page.</doc>
<arguments>
<arg>${ENVISION_MAIN_HEADER}</arg>
</arguments>
<status status="PASS" starttime="20200827 15:33:58.412" endtime="20200827 15:33:58.436"></status>
</kw>
<kw name="Wait Until Element Is Visible" library="SeleniumLibrary">
<doc>Waits until the element ``locator`` is visible.</doc>
<arguments>
<arg>${ENVISION_MAIN_HEADER}</arg>
</arguments>
<status status="PASS" starttime="20200827 15:33:58.436" endtime="20200827 15:33:58.449"></status>
</kw>
<kw name="Get Text" library="SeleniumLibrary">
<doc>Returns the text value of the element identified by ``locator``.</doc>
<arguments>
<arg>${ENVISION_MAIN_HEADER}</arg>
</arguments>
<assign>
<var>${current_header_text}</var>
</assign>
<msg timestamp="20200827 15:33:58.474" level="INFO">${current_header_text} = 2020 BUICK ENVISION</msg>
<status status="PASS" starttime="20200827 15:33:58.450" endtime="20200827 15:33:58.474"></status>
</kw>
<kw name="Should Be Equal As Strings" library="BuiltIn">
<doc>Fails if objects are unequal after converting them to strings.</doc>
<arguments>
<arg>${current_header_text.strip()}</arg>
<arg>${ENVISION_HEADER_TEXT.strip()}</arg>
<arg>ignore_case=true</arg>
</arguments>
<status status="PASS" starttime="20200827 15:33:58.474" endtime="20200827 15:33:58.475"></status>
</kw>
<kw name="Sleep" library="BuiltIn">
<doc>Pauses the test executed for the given time.</doc>
<arguments>
<arg>1s</arg>
</arguments>
<msg timestamp="20200827 15:33:59.477" level="INFO">Slept 1 second</msg>
<status status="PASS" starttime="20200827 15:33:58.476" endtime="20200827 15:33:59.477"></status>
</kw>
<kw name="Run Keyword And Return Status" library="BuiltIn">
<doc>Runs the given keyword with given arguments and returns the status as a Boolean value.</doc>
<arguments>
<arg>Wait Until Element Is Visible</arg>
<arg>${COOKIES_CLOSE_BUTTON}</arg>
</arguments>
<assign>
<var>${contains_cookies_message}</var>
</assign>
<kw name="Wait Until Element Is Visible" library="SeleniumLibrary">
<doc>Waits until the element ``locator`` is visible.</doc>
<arguments>
<arg>${COOKIES_CLOSE_BUTTON}</arg>
</arguments>
<kw name="Capture Page Screenshot" library="SeleniumLibrary">
<doc>Takes a screenshot of the current page and embeds it into a log file.</doc>
<msg timestamp="20200827 15:34:06.247" level="INFO" html="yes">&lt;/td&gt;&lt;/tr&gt;&lt;tr&gt;&lt;td colspan="3"&gt;&lt;a href="selenium-screenshot-7.png"&gt;&lt;img src="selenium-screenshot-7.png" width="800px"&gt;&lt;/a&gt;</msg>
<status status="PASS" starttime="20200827 15:34:04.650" endtime="20200827 15:34:06.247"></status>
</kw>
<msg timestamp="20200827 15:34:06.247" level="FAIL">Element 'xpath=/html/body/div[31]/div[2]/div/div/div/div[3]' not visible after 5 seconds.</msg>
<status status="FAIL" starttime="20200827 15:33:59.477" endtime="20200827 15:34:06.247"></status>
</kw>
<msg timestamp="20200827 15:34:06.247" level="INFO">${contains_cookies_message} = False</msg>
<status status="PASS" starttime="20200827 15:33:59.477" endtime="20200827 15:34:06.248"></status>
</kw>
<kw name="Run Keyword If" library="BuiltIn">
<doc>Runs the given keyword with the given arguments, if ``condition`` is true.</doc>
<arguments>
<arg>${contains_cookies_message}</arg>
<arg>Envision.Close Cookies Message</arg>
</arguments>
<status status="PASS" starttime="20200827 15:34:06.248" endtime="20200827 15:34:06.248"></status>
</kw>
<status status="PASS" starttime="20200827 15:33:58.411" endtime="20200827 15:34:06.248"></status>
</kw>
<status status="PASS" starttime="20200827 15:33:56.676" endtime="20200827 15:34:06.248"></status>
</kw>
<kw name="Switch &quot;Envision&quot; Colors And Ensure Changes" library="BuickApp">
<kw name="Verify Colours Loaded" library="Envision">
<kw name="Page Should Contain Element" library="SeleniumLibrary">
<doc>Verifies that element ``locator`` is found on the current page.</doc>
<arguments>
<arg>${VIDEO_COLORS_IFRAME}</arg>
</arguments>
<msg timestamp="20200827 15:34:06.257" level="INFO">Current page contains element 'xpath=/html/body/div[10]/div/div[3]/div/iframe'.</msg>
<status status="PASS" starttime="20200827 15:34:06.249" endtime="20200827 15:34:06.257"></status>
</kw>
<kw name="Wait Until Element Is Visible" library="SeleniumLibrary">
<doc>Waits until the element ``locator`` is visible.</doc>
<arguments>
<arg>${VIDEO_COLORS_IFRAME}</arg>
<arg>timeout=5s</arg>
</arguments>
<status status="PASS" starttime="20200827 15:34:06.257" endtime="20200827 15:34:06.270"></status>
</kw>
<kw name="Set Focus To Element" library="SeleniumLibrary">
<doc>Sets the focus to the element identified by ``locator``.</doc>
<arguments>
<arg>${VIDEO_COLORS_IFRAME}</arg>
</arguments>
<status status="PASS" starttime="20200827 15:34:06.270" endtime="20200827 15:34:06.280"></status>
</kw>
<kw name="Select Frame" library="SeleniumLibrary">
<doc>Sets frame identified by ``locator`` as the current frame.</doc>
<arguments>
<arg>${VIDEO_COLORS_IFRAME}</arg>
</arguments>
<msg timestamp="20200827 15:34:06.280" level="INFO">Selecting frame 'xpath=/html/body/div[10]/div/div[3]/div/iframe'.</msg>
<status status="PASS" starttime="20200827 15:34:06.280" endtime="20200827 15:34:06.301"></status>
</kw>
<status status="PASS" starttime="20200827 15:34:06.248" endtime="20200827 15:34:06.302"></status>
</kw>
<kw name="Check First Color" library="Envision">
<kw name="Verify Color Selected" library="Envision">
<arguments>
<arg>${FIRST_COLOR_SELECTOR}</arg>
</arguments>
<kw name="Get Element Attribute" library="SeleniumLibrary">
<doc>Returns the value of ``attribute`` from the element ``locator``.</doc>
<arguments>
<arg>${selected_color}</arg>
<arg>class</arg>
</arguments>
<assign>
<var>${active_class}</var>
</assign>
<msg timestamp="20200827 15:34:06.313" level="INFO">${active_class} = js-colorizer-item colorizer--circle active stat-button-link</msg>
<status status="PASS" starttime="20200827 15:34:06.302" endtime="20200827 15:34:06.314"></status>
</kw>
<kw name="Should Contain" library="BuiltIn">
<doc>Fails if ``container`` does not contain ``item`` one or more times.</doc>
<arguments>
<arg>${active_class}</arg>
<arg>active</arg>
<arg>ignore_case=true</arg>
</arguments>
<status status="PASS" starttime="20200827 15:34:06.314" endtime="20200827 15:34:06.314"></status>
</kw>
<status status="PASS" starttime="20200827 15:34:06.302" endtime="20200827 15:34:06.314"></status>
</kw>
<kw name="Verify Color Loaded" library="Envision">
<arguments>
<arg>${FIRST_COLOR_VIDEO_SRC}</arg>
</arguments>
<kw name="Get Element Attribute" library="SeleniumLibrary">
<doc>Returns the value of ``attribute`` from the element ``locator``.</doc>
<arguments>
<arg>${VIDEO_DIV_SELECTOR}</arg>
<arg>src</arg>
</arguments>
<assign>
<var>${current_color_video}</var>
</assign>
<msg timestamp="20200827 15:34:06.325" level="INFO">${current_color_video} = https://video2.marketing.gm.com/media/v1/pmp4/static/clear/1274068600/3b2b9d79-d11d-48ca-ae9c-1803c7f3f251/65af911f-e523-46f5-b3a1-ec625ffb512b/main.mp4</msg>
<status status="PASS" starttime="20200827 15:34:06.314" endtime="20200827 15:34:06.325"></status>
</kw>
<kw name="Should Be Equal As Strings" library="BuiltIn">
[...]
<status status="PASS" starttime="20200827 15:35:36.749" endtime="20200827 15:35:36.763"></status>
</kw>
<kw name="Get Text" library="SeleniumLibrary">
<doc>Returns the text value of the element identified by ``locator``.</doc>
<arguments>
<arg>${ENVISION_MAIN_HEADER}</arg>
</arguments>
<assign>
<var>${current_header_text}</var>
</assign>
<msg timestamp="20200827 15:35:36.778" level="INFO">${current_header_text} = 2020 BUICK ENVISION</msg>
<status status="PASS" starttime="20200827 15:35:36.763" endtime="20200827 15:35:36.778"></status>
</kw>
<kw name="Should Be Equal As Strings" library="BuiltIn">
<doc>Fails if objects are unequal after converting them to strings.</doc>
<arguments>
<arg>${current_header_text.strip()}</arg>
<arg>${ENVISION_HEADER_TEXT.strip()}</arg>
<arg>ignore_case=true</arg>
</arguments>
<status status="PASS" starttime="20200827 15:35:36.779" endtime="20200827 15:35:36.779"></status>
</kw>
<kw name="Sleep" library="BuiltIn">
<doc>Pauses the test executed for the given time.</doc>
<arguments>
<arg>1s</arg>
</arguments>
<msg timestamp="20200827 15:35:37.781" level="INFO">Slept 1 second</msg>
<status status="PASS" starttime="20200827 15:35:36.779" endtime="20200827 15:35:37.781"></status>
</kw>
<kw name="Run Keyword And Return Status" library="BuiltIn">
<doc>Runs the given keyword with given arguments and returns the status as a Boolean value.</doc>
<arguments>
<arg>Wait Until Element Is Visible</arg>
<arg>${COOKIES_CLOSE_BUTTON}</arg>
</arguments>
<assign>
<var>${contains_cookies_message}</var>
</assign>
<kw name="Wait Until Element Is Visible" library="SeleniumLibrary">
<doc>Waits until the element ``locator`` is visible.</doc>
<arguments>
<arg>${COOKIES_CLOSE_BUTTON}</arg>
</arguments>
<kw name="Capture Page Screenshot" library="SeleniumLibrary">
<doc>Takes a screenshot of the current page and embeds it into a log file.</doc>
<msg timestamp="20200827 15:35:44.588" level="INFO" html="yes">&lt;/td&gt;&lt;/tr&gt;&lt;tr&gt;&lt;td colspan="3"&gt;&lt;a href="selenium-screenshot-11.png"&gt;&lt;img src="selenium-screenshot-11.png" width="800px"&gt;&lt;/a&gt;</msg>
<status status="PASS" starttime="20200827 15:35:42.983" endtime="20200827 15:35:44.588"></status>
</kw>
<msg timestamp="20200827 15:35:44.588" level="FAIL">Element 'xpath=/html/body/div[31]/div[2]/div/div/div/div[3]' not visible after 5 seconds.</msg>
<status status="FAIL" starttime="20200827 15:35:37.782" endtime="20200827 15:35:44.588"></status>
</kw>
<msg timestamp="20200827 15:35:44.588" level="INFO">${contains_cookies_message} = False</msg>
<status status="PASS" starttime="20200827 15:35:37.782" endtime="20200827 15:35:44.588"></status>
</kw>
<kw name="Run Keyword If" library="BuiltIn">
<doc>Runs the given keyword with the given arguments, if ``condition`` is true.</doc>
<arguments>
<arg>${contains_cookies_message}</arg>
<arg>Envision.Close Cookies Message</arg>
</arguments>
<status status="PASS" starttime="20200827 15:35:44.588" endtime="20200827 15:35:44.589"></status>
</kw>
<status status="PASS" starttime="20200827 15:35:36.740" endtime="20200827 15:35:44.589"></status>
</kw>
<status status="PASS" starttime="20200827 15:35:34.323" endtime="20200827 15:35:44.589"></status>
</kw>
<kw name="Go To &quot;Envision&quot; 'Features' Page And Verify Loaded" library="BuickApp">
<kw name="Go To &quot;Features&quot; Page" library="Envision">
<kw name="Page Should Contain Element" library="SeleniumLibrary">
<doc>Verifies that element ``locator`` is found on the current page.</doc>
<arguments>
<arg>${VIEW_ALL_FEATURES}</arg>
</arguments>
<msg timestamp="20200827 15:35:44.599" level="INFO">Current page contains element 'xpath=/html/body/div[18]/div[2]/a'.</msg>
<status status="PASS" starttime="20200827 15:35:44.590" endtime="20200827 15:35:44.599"></status>
</kw>
<kw name="Click Element" library="SeleniumLibrary">
<doc>Click the element identified by ``locator``.</doc>
<arguments>
<arg>${VIEW_ALL_FEATURES}</arg>
</arguments>
<msg timestamp="20200827 15:35:44.599" level="INFO">Clicking element 'xpath=/html/body/div[18]/div[2]/a'.</msg>
<status status="PASS" starttime="20200827 15:35:44.599" endtime="20200827 15:35:44.889"></status>
</kw>
<status status="PASS" starttime="20200827 15:35:44.589" endtime="20200827 15:35:44.889"></status>
</kw>
<kw name="Verify Page Loaded" library="EnvisionFeatures">
<kw name="Wait Until Page Contains Element" library="SeleniumLibrary">
<doc>Waits until the element ``locator`` appears on the current page.</doc>
<arguments>
<arg>${ENVISION_FEATURES_HEADER}</arg>
</arguments>
<status status="PASS" starttime="20200827 15:35:44.890" endtime="20200827 15:35:45.006"></status>
</kw>
<kw name="Get Text" library="SeleniumLibrary">
<doc>Returns the text value of the element identified by ``locator``.</doc>
<arguments>
<arg>${ENVISION_FEATURES_HEADER}</arg>
</arguments>
<assign>
<var>${current_header_text}</var>
</assign>
<msg timestamp="20200827 15:35:45.168" level="INFO">${current_header_text} = FEATURES</msg>
<status status="PASS" starttime="20200827 15:35:45.006" endtime="20200827 15:35:45.168"></status>
</kw>
<kw name="Should Be Equal As Strings" library="BuiltIn">
<doc>Fails if objects are unequal after converting them to strings.</doc>
<arguments>
<arg>${current_header_text.strip()}</arg>
<arg>${ENVISION_FEATURES_HEADER_TEXT.strip()}</arg>
<arg>ignore_case=true</arg>
</arguments>
<status status="PASS" starttime="20200827 15:35:45.169" endtime="20200827 15:35:45.170"></status>
</kw>
<status status="PASS" starttime="20200827 15:35:44.890" endtime="20200827 15:35:45.170"></status>
</kw>
<status status="PASS" starttime="20200827 15:35:44.589" endtime="20200827 15:35:45.170"></status>
</kw>
<kw name="End Web Test" library="Common" type="teardown">
<kw name="Close Browser" library="SeleniumLibrary">
<doc>Closes the current browser.</doc>
<status status="PASS" starttime="20200827 15:35:45.171" endtime="20200827 15:35:45.283"></status>
</kw>
<status status="PASS" starttime="20200827 15:35:45.170" endtime="20200827 15:35:45.283"></status>
</kw>
<doc>When user navigates to Main &gt; "Envision" &gt; 'View All Features', the Features page is opened and visible</doc>
<tags>
<tag>CTA</tag>
<tag>Medium Severity</tag>
</tags>
<status status="PASS" starttime="20200827 15:35:28.960" endtime="20200827 15:35:45.283" critical="yes"></status>
</test>
<test id="s1-t8" name="&quot;Features&quot; page is opened from &quot;Enclave&quot; page and visible">
<kw name="Begin Web Test" library="Common" type="setup">
<kw name="Open Browser" library="SeleniumLibrary">
<doc>Opens a new browser instance to the optional ``url``.</doc>
<arguments>
<arg>about:blank</arg>
<arg>${BROWSER}</arg>
</arguments>
<msg timestamp="20200827 15:35:45.286" level="INFO">Opening browser 'chrome' to base url 'about:blank'.</msg>
<status status="PASS" starttime="20200827 15:35:45.285" endtime="20200827 15:35:47.050"></status>
</kw>
<kw name="Maximize Browser Window" library="SeleniumLibrary">
<doc>Maximizes current browser window.</doc>
<status status="PASS" starttime="20200827 15:35:47.050" endtime="20200827 15:35:47.160"></status>
</kw>
<status status="PASS" starttime="20200827 15:35:45.285" endtime="20200827 15:35:47.160"></status>
</kw>
<kw name="Go To Main Page" library="BuickApp">
<kw name="Open Main Page" library="Main">
<kw name="Go To" library="SeleniumLibrary">
<doc>Navigates the current browser window to the provided ``url``.</doc>
<arguments>
<arg>${URL}</arg>
</arguments>
<msg timestamp="20200827 15:35:47.162" level="INFO">Opening url 'https://www.buick.ca/en/'</msg>
<status status="PASS" starttime="20200827 15:35:47.162" endtime="20200827 15:35:48.280"></status>
</kw>
<status status="PASS" starttime="20200827 15:35:47.161" endtime="20200827 15:35:48.280"></status>
</kw>
<kw name="Verify Page Loaded" library="Main">
<kw name="Wait Until Page Contains Element" library="SeleniumLibrary">
<doc>Waits until the element ``locator`` appears on the current page.</doc>
<arguments>
<arg>${MAIN_HOME_LINK}</arg>
</arguments>
<status status="PASS" starttime="20200827 15:35:48.281" endtime="20200827 15:35:48.985"></status>
</kw>
<kw name="Sleep" library="BuiltIn">
<doc>Pauses the test executed for the given time.</doc>
<arguments>
<arg>1s</arg>
</arguments>
<msg timestamp="20200827 15:35:49.987" level="INFO">Slept 1 second</msg>
<status status="PASS" starttime="20200827 15:35:48.986" endtime="20200827 15:35:49.987"></status>
</kw>
<kw name="Run Keyword And Return Status" library="BuiltIn">
<doc>Runs the given keyword with given arguments and returns the status as a Boolean value.</doc>
<arguments>
<arg>Wait Until Element Is Visible</arg>
<arg>${MAIN_COOKIES_CLOSE_BUTTON}</arg>
</arguments>
<assign>
<var>${contains_cookies_message}</var>
</assign>
<kw name="Wait Until Element Is Visible" library="SeleniumLibrary">
<doc>Waits until the element ``locator`` is visible.</doc>
<arguments>
<arg>${MAIN_COOKIES_CLOSE_BUTTON}</arg>
</arguments>
<status status="PASS" starttime="20200827 15:35:49.988" endtime="20200827 15:35:50.008"></status>
</kw>
<msg timestamp="20200827 15:35:50.009" level="INFO">${contains_cookies_message} = True</msg>
<status status="PASS" starttime="20200827 15:35:49.988" endtime="20200827 15:35:50.009"></status>
</kw>
<kw name="Run Keyword If" library="BuiltIn">
<doc>Runs the given keyword with the given arguments, if ``condition`` is true.</doc>
<arguments>
<arg>${contains_cookies_message}</arg>
<arg>Main.Close Cookies Message</arg>
</arguments>
<kw name="Close Cookies Message" library="Main">
<kw name="Mouse Over" library="SeleniumLibrary">
<doc>Simulates hovering the mouse over the element ``locator``.</doc>
<arguments>
<arg>${MAIN_COOKIES_CLOSE_BUTTON}</arg>
</arguments>
<msg timestamp="20200827 15:35:50.010" level="INFO">Simulating Mouse Over on element 'xpath=/html/body/div[18]/div[2]/div/div/div/div[3]'.</msg>
<status status="PASS" starttime="20200827 15:35:50.009" endtime="20200827 15:35:50.277"></status>
</kw>
<kw name="Sleep" library="BuiltIn">
<doc>Pauses the test executed for the given time.</doc>
<arguments>
<arg>0.5s</arg>
</arguments>
<msg timestamp="20200827 15:35:50.779" level="INFO">Slept 500 milliseconds</msg>
<status status="PASS" starttime="20200827 15:35:50.277" endtime="20200827 15:35:50.779"></status>
</kw>
<kw name="Click Element" library="SeleniumLibrary">
<doc>Click the element identified by ``locator``.</doc>
<arguments>
<arg>${MAIN_COOKIES_CLOSE_BUTTON}</arg>
</arguments>
<msg timestamp="20200827 15:35:50.780" level="INFO">Clicking element 'xpath=/html/body/div[18]/div[2]/div/div/div/div[3]'.</msg>
<status status="PASS" starttime="20200827 15:35:50.780" endtime="20200827 15:35:50.834"></status>
</kw>
<status status="PASS" starttime="20200827 15:35:50.009" endtime="20200827 15:35:50.834"></status>
</kw>
<status status="PASS" starttime="20200827 15:35:50.009" endtime="20200827 15:35:50.834"></status>
</kw>
<status status="PASS" starttime="20200827 15:35:48.281" endtime="20200827 15:35:50.834"></status>
</kw>
<status status="PASS" starttime="20200827 15:35:47.161" endtime="20200827 15:35:50.834"></status>
</kw>
<kw name="Go To &quot;Enclave&quot; Page" library="BuickApp">
<kw name="Click &quot;Vehicles&quot; Dropdown" library="Main">
<kw name="Click Element" library="SeleniumLibrary">
<doc>Click the element identified by ``locator``.</doc>
<arguments>
<arg>${VEHICLES_DROPDOWN}</arg>
</arguments>
<msg timestamp="20200827 15:35:50.835" level="INFO">Clicking element 'xpath=/html/body/div[2]/div[2]/nav/section/div/ul[1]/li[1]/a'.</msg>
<status status="PASS" starttime="20200827 15:35:50.835" endtime="20200827 15:35:50.927"></status>
</kw>
<kw name="Wait Until Element Is Visible" library="SeleniumLibrary">
<doc>Waits until the element ``locator`` is visible.</doc>
<arguments>
<arg>${ENCLAVE_LINK}</arg>
</arguments>
<status status="PASS" starttime="20200827 15:35:50.927" endtime="20200827 15:35:51.609"></status>
</kw>
<status status="PASS" starttime="20200827 15:35:50.835" endtime="20200827 15:35:51.609"></status>
</kw>
<kw name="Go To &quot;Enclave&quot; Page" library="Main">
<kw name="Click Element" library="SeleniumLibrary">
<doc>Click the element identified by ``locator``.</doc>
<arguments>
<arg>${ENCLAVE_LINK}</arg>
</arguments>
<msg timestamp="20200827 15:35:51.610" level="INFO">Clicking element 'xpath=/html/body/div[2]/div[3]/div/div/div[2]/div/div/div/div[2]/div[12]'.</msg>
<status status="PASS" starttime="20200827 15:35:51.610" endtime="20200827 15:35:52.717"></status>
</kw>
<status status="PASS" starttime="20200827 15:35:51.609" endtime="20200827 15:35:52.717"></status>
</kw>
<kw name="Verify Page Loaded" library="Enclave">
<kw name="Wait Until Page Contains Element" library="SeleniumLibrary">
<doc>Waits until the element ``locator`` appears on the current page.</doc>
<arguments>
<arg>${ENCLAVE_MAIN_HEADER}</arg>
</arguments>
<status status="PASS" starttime="20200827 15:35:52.718" endtime="20200827 15:35:52.753"></status>
</kw>
<kw name="Wait Until Element Is Visible" library="SeleniumLibrary">
<doc>Waits until the element ``locator`` is visible.</doc>
<arguments>
<arg>${ENCLAVE_MAIN_HEADER}</arg>
</arguments>
<status status="PASS" starttime="20200827 15:35:52.753" endtime="20200827 15:35:52.780"></status>
</kw>
<kw name="Get Text" library="SeleniumLibrary">
<doc>Returns the text value of the element identified by ``locator``.</doc>
<arguments>
<arg>${ENCLAVE_MAIN_HEADER}</arg>
</arguments>
<assign>
<var>${current_header_text}</var>
</assign>
<msg timestamp="20200827 15:35:52.796" level="INFO">${current_header_text} = 2020 ENCLAVE</msg>
<status status="PASS" starttime="20200827 15:35:52.780" endtime="20200827 15:35:52.796"></status>
</kw>
<kw name="Should Be Equal As Strings" library="BuiltIn">
<doc>Fails if objects are unequal after converting them to strings.</doc>
<arguments>
<arg>${current_header_text.strip()}</arg>
<arg>${ENCLAVE_HEADER_TEXT.strip()}</arg>
<arg>ignore_case=true</arg>
</arguments>
<status status="PASS" starttime="20200827 15:35:52.796" endtime="20200827 15:35:52.797"></status>
</kw>
<kw name="Sleep" library="BuiltIn">
<doc>Pauses the test executed for the given time.</doc>
<arguments>
<arg>1s</arg>
</arguments>
<msg timestamp="20200827 15:35:53.798" level="INFO">Slept 1 second</msg>
<status status="PASS" starttime="20200827 15:35:52.798" endtime="20200827 15:35:53.798"></status>
</kw>
<kw name="Run Keyword And Return Status" library="BuiltIn">
<doc>Runs the given keyword with given arguments and returns the status as a Boolean value.</doc>
<arguments>
<arg>Wait Until Element Is Visible</arg>
<arg>${ENCLAVE_COOKIES_CLOSE_BUTTON}</arg>
</arguments>
<assign>
<var>${contains_cookies_message}</var>
</assign>
<kw name="Wait Until Element Is Visible" library="SeleniumLibrary">
<doc>Waits until the element ``locator`` is visible.</doc>
<arguments>
<arg>${ENCLAVE_COOKIES_CLOSE_BUTTON}</arg>
</arguments>
<kw name="Capture Page Screenshot" library="SeleniumLibrary">
<doc>Takes a screenshot of the current page and embeds it into a log file.</doc>
<msg timestamp="20200827 15:36:00.157" level="INFO" html="yes">&lt;/td&gt;&lt;/tr&gt;&lt;tr&gt;&lt;td colspan="3"&gt;&lt;a href="selenium-screenshot-12.png"&gt;&lt;img src="selenium-screenshot-12.png" width="800px"&gt;&lt;/a&gt;</msg>
<status status="PASS" starttime="20200827 15:35:58.821" endtime="20200827 15:36:00.157"></status>
</kw>
<msg timestamp="20200827 15:36:00.158" level="FAIL">Element 'xpath=/html/body/div[31]/div[2]/div/div/div/div[3]' not visible after 5 seconds.</msg>
<status status="FAIL" starttime="20200827 15:35:53.799" endtime="20200827 15:36:00.158"></status>
</kw>
<msg timestamp="20200827 15:36:00.158" level="INFO">${contains_cookies_message} = False</msg>
<status status="PASS" starttime="20200827 15:35:53.798" endtime="20200827 15:36:00.158"></status>
</kw>
<kw name="Run Keyword If" library="BuiltIn">
<doc>Runs the given keyword with the given arguments, if ``condition`` is true.</doc>
<arguments>
<arg>${contains_cookies_message}</arg>
<arg>Enclave.Close Cookies Message</arg>
</arguments>
<status status="PASS" starttime="20200827 15:36:00.158" endtime="20200827 15:36:00.158"></status>
</kw>
<status status="PASS" starttime="20200827 15:35:52.718" endtime="20200827 15:36:00.158"></status>
</kw>
<status status="PASS" starttime="20200827 15:35:50.834" endtime="20200827 15:36:00.158"></status>
</kw>
<kw name="Go To &quot;Enclave&quot; 'Features' Page And Verify Loaded" library="BuickApp">
<kw name="Go To &quot;Features&quot; Page" library="Enclave">
<kw name="Page Should Contain Element" library="SeleniumLibrary">
<doc>Verifies that element ``locator`` is found on the current page.</doc>
<arguments>
<arg>${ENCLAVE_VIEW_ALL_FEATURES}</arg>
</arguments>
<msg timestamp="20200827 15:36:00.167" level="INFO">Current page contains element 'xpath=/html/body/div[21]/div[2]/a'.</msg>
<status status="PASS" starttime="20200827 15:36:00.159" endtime="20200827 15:36:00.167"></status>
</kw>
<kw name="Click Element" library="SeleniumLibrary">
<doc>Click the element identified by ``locator``.</doc>
<arguments>
<arg>${ENCLAVE_VIEW_ALL_FEATURES}</arg>
</arguments>
<msg timestamp="20200827 15:36:00.167" level="INFO">Clicking element 'xpath=/html/body/div[21]/div[2]/a'.</msg>
<status status="PASS" starttime="20200827 15:36:00.167" endtime="20200827 15:36:00.690"></status>
</kw>
<status status="PASS" starttime="20200827 15:36:00.159" endtime="20200827 15:36:00.690"></status>
</kw>
<kw name="Verify Page Loaded" library="EnclaveFeatures">
<kw name="Wait Until Page Contains Element" library="SeleniumLibrary">
<doc>Waits until the element ``locator`` appears on the current page.</doc>
<arguments>
<arg>${ENCLAVE_FEATURES_HEADER}</arg>
</arguments>
<status status="PASS" starttime="20200827 15:36:00.691" endtime="20200827 15:36:00.707"></status>
</kw>
<kw name="Get Text" library="SeleniumLibrary">
<doc>Returns the text value of the element identified by ``locator``.</doc>
<arguments>
<arg>${ENCLAVE_FEATURES_HEADER}</arg>
</arguments>
<assign>
<var>${current_header_text}</var>
</assign>
<msg timestamp="20200827 15:36:00.744" level="INFO">${current_header_text} = FEATURES</msg>
<status status="PASS" starttime="20200827 15:36:00.707" endtime="20200827 15:36:00.744"></status>
</kw>
<kw name="Should Be Equal As Strings" library="BuiltIn">
<doc>Fails if objects are unequal after converting them to strings.</doc>
<arguments>
<arg>${current_header_text.strip()}</arg>
<arg>${ENCLAVE_FEATURES_HEADER_TEXT.strip()}</arg>
<arg>ignore_case=true</arg>
</arguments>
<status status="PASS" starttime="20200827 15:36:00.744" endtime="20200827 15:36:00.744"></status>
</kw>
<status status="PASS" starttime="20200827 15:36:00.690" endtime="20200827 15:36:00.745"></status>
</kw>
<status status="PASS" starttime="20200827 15:36:00.159" endtime="20200827 15:36:00.745"></status>
</kw>
<kw name="End Web Test" library="Common" type="teardown">
<kw name="Close Browser" library="SeleniumLibrary">
<doc>Closes the current browser.</doc>
<status status="PASS" starttime="20200827 15:36:00.746" endtime="20200827 15:36:00.886"></status>
</kw>
<status status="PASS" starttime="20200827 15:36:00.745" endtime="20200827 15:36:00.887"></status>
</kw>
<doc>When user navigates to Main &gt; "Enclave" &gt; 'View All Features', the Features page is opened and visible</doc>
<tags>
<tag>CTA</tag>
<tag>Medium Severity</tag>
</tags>
<status status="PASS" starttime="20200827 15:35:45.284" endtime="20200827 15:36:00.887" critical="yes"></status>
</test>
<doc>This is a challenge project</doc>
<status status="PASS" starttime="20200827 15:32:50.549" endtime="20200827 15:36:00.889"></status>
</suite>
<statistics>
<total>
<stat pass="8" fail="0">Critical Tests</stat>
<stat pass="8" fail="0">All Tests</stat>
</total>
<tag>
<stat pass="4" fail="0">Colors</stat>
<stat pass="4" fail="0">CTA</stat>
<stat pass="8" fail="0">Medium Severity</stat>
</tag>
<suite>
<stat pass="8" fail="0" id="s1" name="Buick">Buick</stat>
</suite>
</statistics>
<errors>
</errors>
</robot>
